warning: speedbitcrack@0.1.0: SECURITY: Key-derived biases no longer embedded in binary
warning: speedbitcrack@0.1.0: All valuable and Magic9 keys must be loaded from external files at runtime
warning: speedbitcrack@0.1.0: Starting CUDA kernel compilation with enhanced debugging...
warning: speedbitcrack@0.1.0: nvcc found at: /usr/local/cuda-13.0/bin/nvcc
warning: speedbitcrack@0.1.0: Using default GPU arch: sm_86
warning: speedbitcrack@0.1.0: Compiling 11 CUDA files together with shared constants header:
warning: speedbitcrack@0.1.0:   - src/gpu/cuda/bigint_mul.cu
warning: speedbitcrack@0.1.0:   - src/gpu/cuda/step.cu
warning: speedbitcrack@0.1.0:   - src/gpu/cuda/solve.cu
warning: speedbitcrack@0.1.0:   - src/gpu/cuda/rho_kernel_optimized.cu
warning: speedbitcrack@0.1.0:   - src/gpu/cuda/barrett_kernel_optimized.cu
warning: speedbitcrack@0.1.0:   - src/gpu/cuda/hybrid.cu
warning: speedbitcrack@0.1.0:   - src/gpu/cuda/bias_check_kernel.cu
warning: speedbitcrack@0.1.0:   - src/gpu/cuda/gold_cluster.cu
warning: speedbitcrack@0.1.0:   - src/gpu/cuda/mod27_kernel.cu
warning: speedbitcrack@0.1.0:   - src/gpu/cuda/mod81_kernel.cu
warning: speedbitcrack@0.1.0:   - src/gpu/cuda/glv_decomp.cu
warning: speedbitcrack@0.1.0: Starting CUDA compilation...
warning: speedbitcrack@0.1.0: ptxas info    : Overriding maximum register limit 256 for '_Z15test_bigint_addP9bigint256S0_S0_' with  64 of maxrregcount option
warning: speedbitcrack@0.1.0: ptxas info    : Overriding maximum register limit 256 for '_Z15test_bigint_mulP9bigint256S0_S0_' with  64 of maxrregcount option
warning: speedbitcrack@0.1.0: ptxas info    : Overriding maximum register limit 256 for '_Z17bigint_mul_kernelPvS_S_j' with  64 of maxrregcount option
warning: speedbitcrack@0.1.0: ptxas info    : Overriding maximum register limit 256 for '_Z22bigint_mul_kernel_simdPKmS0_Pmj' with  64 of maxrregcount option
warning: speedbitcrack@0.1.0: ptxas info    : 0 bytes gmem
warning: speedbitcrack@0.1.0: ptxas info    : Function properties for _Z13bigint256_sub9bigint256S_
warning: speedbitcrack@0.1.0:     120 bytes stack frame, 0 bytes spill stores, 0 bytes spill loads
warning: speedbitcrack@0.1.0: ptxas info    : Compile time = 2.616 ms
warning: speedbitcrack@0.1.0: ptxas info    : Function properties for _Z14bigint256_zerov
warning: speedbitcrack@0.1.0:     32 bytes stack frame, 0 bytes spill stores, 0 bytes spill loads
warning: speedbitcrack@0.1.0: ptxas info    : Compile time = 0.511 ms
warning: speedbitcrack@0.1.0: ptxas info    : Function properties for _Z13bigint256_onev
warning: speedbitcrack@0.1.0:     56 bytes stack frame, 24 bytes spill stores, 24 bytes spill loads
warning: speedbitcrack@0.1.0: ptxas info    : Compile time = 0.708 ms
warning: speedbitcrack@0.1.0: ptxas info    : Function properties for _Z13bigint256_twov
warning: speedbitcrack@0.1.0:     56 bytes stack frame, 24 bytes spill stores, 24 bytes spill loads
warning: speedbitcrack@0.1.0: ptxas info    : Compile time = 0.694 ms
warning: speedbitcrack@0.1.0: ptxas info    : Function properties for _Z15bigint256_threev
warning: speedbitcrack@0.1.0:     56 bytes stack frame, 24 bytes spill stores, 24 bytes spill loads
warning: speedbitcrack@0.1.0: ptxas info    : Compile time = 0.655 ms
warning: speedbitcrack@0.1.0: ptxas info    : Function properties for _Z14bigint256_fourv
warning: speedbitcrack@0.1.0:     56 bytes stack frame, 24 bytes spill stores, 24 bytes spill loads
warning: speedbitcrack@0.1.0: ptxas info    : Compile time = 0.705 ms
warning: speedbitcrack@0.1.0: ptxas info    : Function properties for _Z15bigint256_eightv
warning: speedbitcrack@0.1.0:     56 bytes stack frame, 24 bytes spill stores, 24 bytes spill loads
warning: speedbitcrack@0.1.0: ptxas info    : Compile time = 0.736 ms
warning: speedbitcrack@0.1.0: ptxas info    : Function properties for _Z17secp256k1_curve_av
warning: speedbitcrack@0.1.0:     88 bytes stack frame, 24 bytes spill stores, 24 bytes spill loads
warning: speedbitcrack@0.1.0: ptxas info    : Compile time = 0.796 ms
warning: speedbitcrack@0.1.0: ptxas info    : Function properties for _Z13bigint256_add9bigint256S_
warning: speedbitcrack@0.1.0:     120 bytes stack frame, 0 bytes spill stores, 0 bytes spill loads
warning: speedbitcrack@0.1.0: ptxas info    : Compile time = 1.449 ms
warning: speedbitcrack@0.1.0: ptxas info    : Function properties for _Z13bigint256_mul9bigint256S_
warning: speedbitcrack@0.1.0:     152 bytes stack frame, 28 bytes spill stores, 28 bytes spill loads
warning: speedbitcrack@0.1.0: ptxas info    : Compile time = 2.263 ms
warning: speedbitcrack@0.1.0: ptxas info    : Function properties for _Z13bigint256_shr9bigint256j
warning: speedbitcrack@0.1.0:     88 bytes stack frame, 24 bytes spill stores, 24 bytes spill loads
warning: speedbitcrack@0.1.0: ptxas info    : Compile time = 2.560 ms
warning: speedbitcrack@0.1.0: ptxas info    : Function properties for _Z13bigint256_cmp9bigint256S_
warning: speedbitcrack@0.1.0:     64 bytes stack frame, 0 bytes spill stores, 0 bytes spill loads
warning: speedbitcrack@0.1.0: ptxas info    : Compile time = 1.208 ms
warning: speedbitcrack@0.1.0: ptxas info    : Function properties for _Z12bigint256_ge9bigint256S_
warning: speedbitcrack@0.1.0:     104 bytes stack frame, 8 bytes spill stores, 8 bytes spill loads
warning: speedbitcrack@0.1.0: ptxas info    : Compile time = 0.936 ms
warning: speedbitcrack@0.1.0: ptxas info    : Function properties for _Z18montgomery_mul_optPKmS0_S0_mPm
warning: speedbitcrack@0.1.0:     168 bytes stack frame, 100 bytes spill stores, 100 bytes spill loads
warning: speedbitcrack@0.1.0: ptxas info    : Compile time = 8.772 ms
warning: speedbitcrack@0.1.0: ptxas info    : Function properties for _Z11mul256_simdPmPKmS1_
warning: speedbitcrack@0.1.0:     136 bytes stack frame, 104 bytes spill stores, 104 bytes spill loads
warning: speedbitcrack@0.1.0: ptxas info    : Compile time = 3.885 ms
warning: speedbitcrack@0.1.0: ptxas info    : Function properties for _Z15carry_prop_warpmj
warning: speedbitcrack@0.1.0:     32 bytes stack frame, 28 bytes spill stores, 28 bytes spill loads
warning: speedbitcrack@0.1.0: ptxas info    : Compile time = 0.560 ms
warning: speedbitcrack@0.1.0: ptxas info    : Compiling entry function '_Z15test_bigint_addP9bigint256S0_S0_' for 'sm_86'
warning: speedbitcrack@0.1.0: ptxas info    : Function properties for _Z15test_bigint_addP9bigint256S0_S0_
warning: speedbitcrack@0.1.0:     32 bytes stack frame, 0 bytes spill stores, 0 bytes spill loads
warning: speedbitcrack@0.1.0: ptxas info    : Used 26 registers, used 0 barriers, 376 bytes cmem[0]
warning: speedbitcrack@0.1.0: ptxas info    : Compile time = 0.703 ms
warning: speedbitcrack@0.1.0: ptxas info    : Compiling entry function '_Z15test_bigint_mulP9bigint256S0_S0_' for 'sm_86'
warning: speedbitcrack@0.1.0: ptxas info    : Function properties for _Z15test_bigint_mulP9bigint256S0_S0_
warning: speedbitcrack@0.1.0:     32 bytes stack frame, 0 bytes spill stores, 0 bytes spill loads
warning: speedbitcrack@0.1.0: ptxas info    : Used 26 registers, used 0 barriers, 376 bytes cmem[0]
warning: speedbitcrack@0.1.0: ptxas info    : Compile time = 0.704 ms
warning: speedbitcrack@0.1.0: ptxas info    : Compiling entry function '_Z17bigint_mul_kernelPvS_S_j' for 'sm_86'
warning: speedbitcrack@0.1.0: ptxas info    : Function properties for _Z17bigint_mul_kernelPvS_S_j
warning: speedbitcrack@0.1.0:     0 bytes stack frame, 0 bytes spill stores, 0 bytes spill loads
warning: speedbitcrack@0.1.0: ptxas info    : Used 30 registers, used 0 barriers, 380 bytes cmem[0]
warning: speedbitcrack@0.1.0: ptxas info    : Compile time = 2.034 ms
warning: speedbitcrack@0.1.0: ptxas info    : Compiling entry function '_Z22bigint_mul_kernel_simdPKmS0_Pmj' for 'sm_86'
warning: speedbitcrack@0.1.0: ptxas info    : Function properties for _Z22bigint_mul_kernel_simdPKmS0_Pmj
warning: speedbitcrack@0.1.0:     0 bytes stack frame, 0 bytes spill stores, 0 bytes spill loads
warning: speedbitcrack@0.1.0: ptxas info    : Used 30 registers, used 0 barriers, 380 bytes cmem[0]
warning: speedbitcrack@0.1.0: ptxas info    : Compile time = 1.299 ms
warning: speedbitcrack@0.1.0: ptxas info    : Function properties for _ZN44_INTERNAL_db7d3304_13_bigint_mul_cu_612ee18b10__any_syncEji
warning: speedbitcrack@0.1.0:     16 bytes stack frame, 16 bytes spill stores, 16 bytes spill loads
warning: speedbitcrack@0.1.0: ptxas info    : Compile time = 0.582 ms
warning: speedbitcrack@0.1.0: ptxas info    : Function properties for _ZN44_INTERNAL_db7d3304_13_bigint_mul_cu_612ee18b14__shfl_up_syncEjiji
warning: speedbitcrack@0.1.0:     32 bytes stack frame, 28 bytes spill stores, 28 bytes spill loads
warning: speedbitcrack@0.1.0: ptxas info    : Compile time = 0.478 ms
warning: speedbitcrack@0.1.0: ptxas info    : Function properties for _ZN44_INTERNAL_db7d3304_13_bigint_mul_cu_612ee18b14__shfl_up_syncEjxji
warning: speedbitcrack@0.1.0:     32 bytes stack frame, 32 bytes spill stores, 32 bytes spill loads
warning: speedbitcrack@0.1.0: ptxas info    : Compile time = 0.524 ms
warning: speedbitcrack@0.1.0: ptxas info    : Function properties for _ZN44_INTERNAL_db7d3304_13_bigint_mul_cu_612ee18b14__shfl_up_syncEjyji
warning: speedbitcrack@0.1.0:     32 bytes stack frame, 28 bytes spill stores, 28 bytes spill loads
warning: speedbitcrack@0.1.0: ptxas info    : Compile time = 0.406 ms
warning: speedbitcrack@0.1.0: ptxas info    : Function properties for _ZN44_INTERNAL_db7d3304_13_bigint_mul_cu_612ee18b14__shfl_up_syncEjmji
warning: speedbitcrack@0.1.0:     32 bytes stack frame, 28 bytes spill stores, 28 bytes spill loads
warning: speedbitcrack@0.1.0: ptxas info    : Compile time = 0.398 ms
warning: speedbitcrack@0.1.0: ptxas info    : Overriding maximum register limit 256 for '_Z17kangaroo_step_optP5PointPmPjS0_P4Trapjjjjiim' with  64 of maxrregcount option
warning: speedbitcrack@0.1.0: ptxas info    : Overriding maximum register limit 256 for '_Z11step_kernelP13KangarooStateiPK5PointPj' with  64 of maxrregcount option
warning: speedbitcrack@0.1.0: ptxas info    : 0 bytes gmem, 25344 bytes cmem[3]
warning: speedbitcrack@0.1.0: ptxas info    : Function properties for _Z18endomorphism_applyPK5PointPS_
warning: speedbitcrack@0.1.0:     96 bytes stack frame, 60 bytes spill stores, 60 bytes spill loads
warning: speedbitcrack@0.1.0: ptxas info    : Compile time = 1.995 ms
warning: speedbitcrack@0.1.0: ptxas info    : Function properties for _Z11point_equal5PointS_
warning: speedbitcrack@0.1.0:     288 bytes stack frame, 96 bytes spill stores, 96 bytes spill loads
warning: speedbitcrack@0.1.0: ptxas info    : Compile time = 3.114 ms
warning: speedbitcrack@0.1.0: ptxas info    : Function properties for _Z7mul_modPKjS0_PjS0_
warning: speedbitcrack@0.1.0:     144 bytes stack frame, 80 bytes spill stores, 80 bytes spill loads
warning: speedbitcrack@0.1.0: ptxas info    : Compile time = 3.291 ms
warning: speedbitcrack@0.1.0: ptxas info    : Function properties for _Z15jacobian_double5Point
warning: speedbitcrack@0.1.0:     728 bytes stack frame, 88 bytes spill stores, 88 bytes spill loads
warning: speedbitcrack@0.1.0: ptxas info    : Compile time = 7.426 ms
warning: speedbitcrack@0.1.0: ptxas info    : Function properties for _Z12jacobian_add5PointS_
warning: speedbitcrack@0.1.0:     592 bytes stack frame, 108 bytes spill stores, 108 bytes spill loads
warning: speedbitcrack@0.1.0: ptxas info    : Compile time = 3.525 ms
warning: speedbitcrack@0.1.0: ptxas info    : Function properties for _Z12ec_mul_small5Pointm
warning: speedbitcrack@0.1.0:     608 bytes stack frame, 124 bytes spill stores, 124 bytes spill loads
warning: speedbitcrack@0.1.0: ptxas info    : Compile time = 8.016 ms
warning: speedbitcrack@0.1.0: ptxas info    : Function properties for _Z14bigint_mul_parPKjS0_Pj
warning: speedbitcrack@0.1.0:     0 bytes stack frame, 0 bytes spill stores, 0 bytes spill loads
warning: speedbitcrack@0.1.0: ptxas info    : Compile time = 1.608 ms
warning: speedbitcrack@0.1.0: ptxas info    : Function properties for _Z14bigint_add_parPKjS0_Pj
warning: speedbitcrack@0.1.0:     0 bytes stack frame, 0 bytes spill stores, 0 bytes spill loads
warning: speedbitcrack@0.1.0: ptxas info    : Compile time = 1.233 ms
warning: speedbitcrack@0.1.0: ptxas info    : Function properties for _Z14bigint_sub_parPKjS0_Pj
warning: speedbitcrack@0.1.0:     0 bytes stack frame, 0 bytes spill stores, 0 bytes spill loads
warning: speedbitcrack@0.1.0: ptxas info    : Compile time = 0.805 ms
warning: speedbitcrack@0.1.0: ptxas info    : Function properties for _Z10bigint_subPKjS0_Pj
warning: speedbitcrack@0.1.0:     0 bytes stack frame, 0 bytes spill stores, 0 bytes spill loads
warning: speedbitcrack@0.1.0: ptxas info    : Compile time = 0.795 ms
warning: speedbitcrack@0.1.0: ptxas info    : Function properties for _Z9point_negPK5PointPS_PKj
warning: speedbitcrack@0.1.0:     40 bytes stack frame, 36 bytes spill stores, 36 bytes spill loads
warning: speedbitcrack@0.1.0: ptxas info    : Compile time = 1.159 ms
warning: speedbitcrack@0.1.0: ptxas info    : Function properties for _Z17bigint_div_approxPKjS0_Pj
warning: speedbitcrack@0.1.0:     144 bytes stack frame, 72 bytes spill stores, 72 bytes spill loads
warning: speedbitcrack@0.1.0: ptxas info    : Compile time = 5.479 ms
warning: speedbitcrack@0.1.0: ptxas info    : Function properties for _Z20gram_schmidt_4d_cudaPA8_KjPA8_j
warning: speedbitcrack@0.1.0:     304 bytes stack frame, 80 bytes spill stores, 80 bytes spill loads
warning: speedbitcrack@0.1.0: ptxas info    : Compile time = 3.012 ms
warning: speedbitcrack@0.1.0: ptxas info    : Function properties for _Z20glv4_decompose_babaiPKjPA8_jPa
warning: speedbitcrack@0.1.0:     1256 bytes stack frame, 124 bytes spill stores, 124 bytes spill loads
warning: speedbitcrack@0.1.0: ptxas info    : Compile time = 11.737 ms
warning: speedbitcrack@0.1.0: ptxas info    : Function properties for _Z16multi_babai_glv4PKjPjS0_S0_S0_i
warning: speedbitcrack@0.1.0:     2304 bytes stack frame, 124 bytes spill stores, 124 bytes spill loads
warning: speedbitcrack@0.1.0: ptxas info    : Compile time = 8.228 ms
warning: speedbitcrack@0.1.0: ptxas info    : Function properties for _Z20glv_decompose_scalarPKjPjS1_PaS2_
warning: speedbitcrack@0.1.0:     1112 bytes stack frame, 112 bytes spill stores, 112 bytes spill loads
warning: speedbitcrack@0.1.0: ptxas info    : Compile time = 10.628 ms
warning: speedbitcrack@0.1.0: ptxas info    : Function properties for _Z11mul_glv_opt5PointPKj
warning: speedbitcrack@0.1.0:     856 bytes stack frame, 116 bytes spill stores, 116 bytes spill loads
warning: speedbitcrack@0.1.0: ptxas info    : Compile time = 9.593 ms
warning: speedbitcrack@0.1.0: ptxas info    : Function properties for _Z18mul_glv4_opt_babai5PointPKj
warning: speedbitcrack@0.1.0:     1216 bytes stack frame, 124 bytes spill stores, 124 bytes spill loads
warning: speedbitcrack@0.1.0: ptxas info    : Compile time = 10.602 ms
warning: speedbitcrack@0.1.0: ptxas info    : Function properties for _Z16cond_neg_ct_cuda5Pointa
warning: speedbitcrack@0.1.0:     232 bytes stack frame, 36 bytes spill stores, 36 bytes spill loads
warning: speedbitcrack@0.1.0: ptxas info    : Compile time = 4.081 ms
warning: speedbitcrack@0.1.0: ptxas info    : Function properties for _Z11ct_naf_cudaPKjPhi
warning: speedbitcrack@0.1.0:     32 bytes stack frame, 0 bytes spill stores, 0 bytes spill loads
warning: speedbitcrack@0.1.0: ptxas info    : Compile time = 3.712 ms
warning: speedbitcrack@0.1.0: ptxas info    : Function properties for _Z17mul_short_ct_cuda5PointPj
warning: speedbitcrack@0.1.0:     1176 bytes stack frame, 148 bytes spill stores, 148 bytes spill loads
warning: speedbitcrack@0.1.0: ptxas info    : Compile time = 26.304 ms
warning: speedbitcrack@0.1.0: ptxas info    : Function properties for _Z22multi_round_babai_glv4PKjPjS0_S0_S0_i
warning: speedbitcrack@0.1.0:     3344 bytes stack frame, 140 bytes spill stores, 140 bytes spill loads
warning: speedbitcrack@0.1.0: ptxas info    : Compile time = 12.423 ms
warning: speedbitcrack@0.1.0: ptxas info    : Compiling entry function '_Z17kangaroo_step_optP5PointPmPjS0_P4Trapjjjjiim' for 'sm_86'
warning: speedbitcrack@0.1.0: ptxas info    : Function properties for _Z17kangaroo_step_optP5PointPmPjS0_P4Trapjjjjiim
warning: speedbitcrack@0.1.0:     728 bytes stack frame, 92 bytes spill stores, 120 bytes spill loads
warning: speedbitcrack@0.1.0: ptxas info    : Used 64 registers, used 1 barriers, 3072 bytes smem, 424 bytes cmem[0]
warning: speedbitcrack@0.1.0: ptxas info    : Compile time = 24.512 ms
warning: speedbitcrack@0.1.0: ptxas info    : Compiling entry function '_Z11step_kernelP13KangarooStateiPK5PointPj' for 'sm_86'
warning: speedbitcrack@0.1.0: ptxas info    : Function properties for _Z11step_kernelP13KangarooStateiPK5PointPj
warning: speedbitcrack@0.1.0:     384 bytes stack frame, 0 bytes spill stores, 0 bytes spill loads
warning: speedbitcrack@0.1.0: ptxas info    : Used 62 registers, used 0 barriers, 384 bytes cmem[0]
warning: speedbitcrack@0.1.0: ptxas info    : Compile time = 9.404 ms
warning: speedbitcrack@0.1.0: ptxas info    : Function properties for __clz
warning: speedbitcrack@0.1.0:     0 bytes stack frame, 0 bytes spill stores, 0 bytes spill loads
warning: speedbitcrack@0.1.0: ptxas info    : Compile time = 0.210 ms
warning: speedbitcrack@0.1.0: ptxas info    : Function properties for __popc
warning: speedbitcrack@0.1.0:     0 bytes stack frame, 0 bytes spill stores, 0 bytes spill loads
warning: speedbitcrack@0.1.0: ptxas info    : Compile time = 0.207 ms
warning: speedbitcrack@0.1.0: ptxas info    : Function properties for umin
warning: speedbitcrack@0.1.0:     0 bytes stack frame, 0 bytes spill stores, 0 bytes spill loads
warning: speedbitcrack@0.1.0: ptxas info    : Compile time = 0.207 ms
warning: speedbitcrack@0.1.0: ptxas info    : Function properties for ullmin
warning: speedbitcrack@0.1.0:     0 bytes stack frame, 0 bytes spill stores, 0 bytes spill loads
warning: speedbitcrack@0.1.0: ptxas info    : Compile time = 0.244 ms
warning: speedbitcrack@0.1.0: ptxas info    : Function properties for __reduce_add_sync_unsigned_impl
warning: speedbitcrack@0.1.0:     8 bytes stack frame, 8 bytes spill stores, 8 bytes spill loads
warning: speedbitcrack@0.1.0: ptxas info    : Compile time = 0.417 ms
warning: speedbitcrack@0.1.0: ptxas info    : Function properties for __reduce_min_sync_unsigned_impl
warning: speedbitcrack@0.1.0:     8 bytes stack frame, 8 bytes spill stores, 8 bytes spill loads
warning: speedbitcrack@0.1.0: ptxas info    : Compile time = 0.341 ms
warning: speedbitcrack@0.1.0: ptxas info    : Function properties for _ZN30_INTERNAL_2525be6c_7_step_cu_P3minEmm
warning: speedbitcrack@0.1.0:     16 bytes stack frame, 16 bytes spill stores, 16 bytes spill loads
warning: speedbitcrack@0.1.0: ptxas info    : Compile time = 0.592 ms
warning: speedbitcrack@0.1.0: ptxas info    : Function properties for _ZN30_INTERNAL_2525be6c_7_step_cu_P17__reduce_add_syncEjj
warning: speedbitcrack@0.1.0:     16 bytes stack frame, 16 bytes spill stores, 16 bytes spill loads
warning: speedbitcrack@0.1.0: ptxas info    : Compile time = 0.462 ms
warning: speedbitcrack@0.1.0: ptxas info    : Function properties for _ZN30_INTERNAL_2525be6c_7_step_cu_P17__reduce_min_syncEjj
warning: speedbitcrack@0.1.0:     16 bytes stack frame, 16 bytes spill stores, 16 bytes spill loads
warning: speedbitcrack@0.1.0: ptxas info    : Compile time = 0.407 ms
warning: speedbitcrack@0.1.0: ptxas info    : Function properties for _ZN30_INTERNAL_2525be6c_7_step_cu_P7murmur3EPKj
warning: speedbitcrack@0.1.0:     0 bytes stack frame, 0 bytes spill stores, 0 bytes spill loads
warning: speedbitcrack@0.1.0: ptxas info    : Compile time = 0.769 ms
warning: speedbitcrack@0.1.0: ptxas info    : Function properties for _ZN30_INTERNAL_2525be6c_7_step_cu_P14hamming_weightEj
warning: speedbitcrack@0.1.0:     0 bytes stack frame, 0 bytes spill stores, 0 bytes spill loads
warning: speedbitcrack@0.1.0: ptxas info    : Compile time = 0.362 ms
warning: speedbitcrack@0.1.0: ptxas info    : Function properties for _ZN30_INTERNAL_2525be6c_7_step_cu_P14bigint_sub_u32EPKjS1_Pj
warning: speedbitcrack@0.1.0:     0 bytes stack frame, 0 bytes spill stores, 0 bytes spill loads
warning: speedbitcrack@0.1.0: ptxas info    : Compile time = 1.133 ms
warning: speedbitcrack@0.1.0: ptxas info    : Function properties for _ZN30_INTERNAL_2525be6c_7_step_cu_P14bigint_cmp_parEPKjS1_
warning: speedbitcrack@0.1.0:     0 bytes stack frame, 0 bytes spill stores, 0 bytes spill loads
warning: speedbitcrack@0.1.0: ptxas info    : Compile time = 1.050 ms
warning: speedbitcrack@0.1.0: ptxas info    : Function properties for _ZN30_INTERNAL_2525be6c_7_step_cu_P7add_modEPKjS1_PjS1_
warning: speedbitcrack@0.1.0:     0 bytes stack frame, 0 bytes spill stores, 0 bytes spill loads
warning: speedbitcrack@0.1.0: ptxas info    : Compile time = 1.922 ms
warning: speedbitcrack@0.1.0: ptxas info    : Function properties for _ZN30_INTERNAL_2525be6c_7_step_cu_P7sub_modEPKjS1_PjS1_
warning: speedbitcrack@0.1.0:     0 bytes stack frame, 0 bytes spill stores, 0 bytes spill loads
warning: speedbitcrack@0.1.0: ptxas info    : Compile time = 1.731 ms
warning: speedbitcrack@0.1.0: ptxas info    : Function properties for _ZN30_INTERNAL_2525be6c_7_step_cu_P12set_infinityEP5Point
warning: speedbitcrack@0.1.0:     0 bytes stack frame, 0 bytes spill stores, 0 bytes spill loads
warning: speedbitcrack@0.1.0: ptxas info    : Compile time = 0.770 ms
warning: speedbitcrack@0.1.0: ptxas info    : Function properties for _ZN30_INTERNAL_2525be6c_7_step_cu_P11is_infinityE5Point
warning: speedbitcrack@0.1.0:     96 bytes stack frame, 0 bytes spill stores, 0 bytes spill loads
warning: speedbitcrack@0.1.0: ptxas info    : Compile time = 1.408 ms
warning: speedbitcrack@0.1.0: ptxas info    : Function properties for _ZN30_INTERNAL_2525be6c_7_step_cu_P10is_near_dpE5Point
warning: speedbitcrack@0.1.0:     120 bytes stack frame, 20 bytes spill stores, 20 bytes spill loads
warning: speedbitcrack@0.1.0: ptxas info    : Compile time = 1.483 ms
warning: speedbitcrack@0.1.0: ptxas info    : Function properties for _ZN30_INTERNAL_2525be6c_7_step_cu_P6ec_addE5PointS0_
warning: speedbitcrack@0.1.0:     1304 bytes stack frame, 116 bytes spill stores, 116 bytes spill loads
warning: speedbitcrack@0.1.0: ptxas info    : Compile time = 13.163 ms
warning: speedbitcrack@0.1.0: ptxas info    : Function properties for _ZN30_INTERNAL_2525be6c_7_step_cu_P14bigint_add_u32EPKjjPj
warning: speedbitcrack@0.1.0:     0 bytes stack frame, 0 bytes spill stores, 0 bytes spill loads
warning: speedbitcrack@0.1.0: ptxas info    : Compile time = 0.993 ms
warning: speedbitcrack@0.1.0: ptxas info    : Function properties for _ZN30_INTERNAL_2525be6c_7_step_cu_P18select_bucket_cudaE5PointPKjmj
warning: speedbitcrack@0.1.0:     128 bytes stack frame, 32 bytes spill stores, 32 bytes spill loads
warning: speedbitcrack@0.1.0: ptxas info    : Compile time = 2.046 ms
warning: speedbitcrack@0.1.0: ptxas info    : Function properties for _ZN30_INTERNAL_2525be6c_7_step_cu_P11skew_magic9Em
warning: speedbitcrack@0.1.0:     56 bytes stack frame, 32 bytes spill stores, 32 bytes spill loads
warning: speedbitcrack@0.1.0: ptxas info    : Compile time = 1.936 ms
warning: speedbitcrack@0.1.0: ptxas info    : Function properties for _ZN30_INTERNAL_2525be6c_7_step_cu_P16mod_small_primesEm
warning: speedbitcrack@0.1.0:     56 bytes stack frame, 52 bytes spill stores, 52 bytes spill loads
warning: speedbitcrack@0.1.0: ptxas info    : Compile time = 1.333 ms
warning: speedbitcrack@0.1.0: ptxas info    : Function properties for _ZN30_INTERNAL_2525be6c_7_step_cu_P17is_gold_attractorEmm
warning: speedbitcrack@0.1.0:     32 bytes stack frame, 28 bytes spill stores, 28 bytes spill loads
warning: speedbitcrack@0.1.0: ptxas info    : Compile time = 0.692 ms
warning: speedbitcrack@0.1.0: ptxas info    : Function properties for _ZN30_INTERNAL_2525be6c_7_step_cu_P19gold_nudge_distanceEmm
warning: speedbitcrack@0.1.0:     296 bytes stack frame, 72 bytes spill stores, 72 bytes spill loads
warning: speedbitcrack@0.1.0: ptxas info    : Compile time = 2.740 ms
warning: speedbitcrack@0.1.0: ptxas info    : Overriding maximum register limit 256 for '_Z16build_baby_stepsP5PointiPKS_PKj' with  64 of maxrregcount option
warning: speedbitcrack@0.1.0: ptxas info    : Overriding maximum register limit 256 for '_Z17bsgs_solve_kernelPK5PointS1_S1_PjiiPKj' with  64 of maxrregcount option
warning: speedbitcrack@0.1.0: ptxas info    : Overriding maximum register limit 256 for '_Z21batch_collision_solvePjS_S_S_S_S_S_i' with  64 of maxrregcount option
warning: speedbitcrack@0.1.0: ptxas info    : Overriding maximum register limit 256 for '_Z26batch_bsgs_collision_solvePK5PointPKjS3_PjimS3_i' with  64 of maxrregcount option
warning: speedbitcrack@0.1.0: ptxas info    : Overriding maximum register limit 256 for '_Z20batch_barrett_reducePjS_S_S_bjii' with  64 of maxrregcount option
warning: speedbitcrack@0.1.0: ptxas info    : Overriding maximum register limit 256 for '_Z27batch_collision_solve_fusedPjS_S_S_S_S_jS_i' with  64 of maxrregcount option
warning: speedbitcrack@0.1.0: ptxas info    : Overriding maximum register limit 256 for '_Z16check_collisionsPjS_S_iS_' with  64 of maxrregcount option
warning: speedbitcrack@0.1.0: ptxas info    : Overriding maximum register limit 256 for '_Z16solve_collisionsP7DpEntryS0_P5PointiiPi' with  64 of maxrregcount option
warning: speedbitcrack@0.1.0: ptxas info    : Overriding maximum register limit 256 for '_Z16batch_scalar_mulP5PointPjiPKj' with  64 of maxrregcount option
warning: speedbitcrack@0.1.0: ptxas info    : 0 bytes gmem, 164 bytes cmem[3]
warning: speedbitcrack@0.1.0: ptxas info    : Compiling entry function '_Z16build_baby_stepsP5PointiPKS_PKj' for 'sm_86'
warning: speedbitcrack@0.1.0: ptxas info    : Function properties for _Z16build_baby_stepsP5PointiPKS_PKj
warning: speedbitcrack@0.1.0:     200 bytes stack frame, 0 bytes spill stores, 0 bytes spill loads
warning: speedbitcrack@0.1.0: ptxas info    : Used 36 registers, used 0 barriers, 384 bytes cmem[0]
warning: speedbitcrack@0.1.0: ptxas info    : Compile time = 2.461 ms
warning: speedbitcrack@0.1.0: ptxas info    : Compiling entry function '_Z17bsgs_solve_kernelPK5PointS1_S1_PjiiPKj' for 'sm_86'
warning: speedbitcrack@0.1.0: ptxas info    : Function properties for _Z17bsgs_solve_kernelPK5PointS1_S1_PjiiPKj
warning: speedbitcrack@0.1.0:     304 bytes stack frame, 4 bytes spill stores, 8 bytes spill loads
warning: speedbitcrack@0.1.0: ptxas info    : Used 64 registers, used 0 barriers, 400 bytes cmem[0]
warning: speedbitcrack@0.1.0: ptxas info    : Compile time = 4.700 ms
warning: speedbitcrack@0.1.0: ptxas info    : Compiling entry function '_Z21batch_collision_solvePjS_S_S_S_S_S_i' for 'sm_86'
warning: speedbitcrack@0.1.0: ptxas info    : Function properties for _Z21batch_collision_solvePjS_S_S_S_S_S_i
warning: speedbitcrack@0.1.0:     0 bytes stack frame, 0 bytes spill stores, 0 bytes spill loads
warning: speedbitcrack@0.1.0: ptxas info    : Used 50 registers, used 0 barriers, 192 bytes smem, 412 bytes cmem[0]
warning: speedbitcrack@0.1.0: ptxas info    : Compile time = 2.777 ms
warning: speedbitcrack@0.1.0: ptxas info    : Compiling entry function '_Z26batch_bsgs_collision_solvePK5PointPKjS3_PjimS3_i' for 'sm_86'
warning: speedbitcrack@0.1.0: ptxas info    : Function properties for _Z26batch_bsgs_collision_solvePK5PointPKjS3_PjimS3_i
warning: speedbitcrack@0.1.0:     656 bytes stack frame, 28 bytes spill stores, 32 bytes spill loads
warning: speedbitcrack@0.1.0: ptxas info    : Used 64 registers, used 1 barriers, 32768 bytes smem, 412 bytes cmem[0]
warning: speedbitcrack@0.1.0: ptxas info    : Compile time = 15.489 ms
warning: speedbitcrack@0.1.0: ptxas info    : Compiling entry function '_Z20batch_barrett_reducePjS_S_S_bjii' for 'sm_86'
warning: speedbitcrack@0.1.0: ptxas info    : Function properties for _Z20batch_barrett_reducePjS_S_S_bjii
warning: speedbitcrack@0.1.0:     104 bytes stack frame, 0 bytes spill stores, 0 bytes spill loads
warning: speedbitcrack@0.1.0: ptxas info    : Used 32 registers, used 1 barriers, 192 bytes smem, 400 bytes cmem[0]
warning: speedbitcrack@0.1.0: ptxas info    : Compile time = 3.708 ms
warning: speedbitcrack@0.1.0: ptxas info    : Compiling entry function '_Z27batch_collision_solve_fusedPjS_S_S_S_S_jS_i' for 'sm_86'
warning: speedbitcrack@0.1.0: ptxas info    : Function properties for _Z27batch_collision_solve_fusedPjS_S_S_S_S_jS_i
warning: speedbitcrack@0.1.0:     0 bytes stack frame, 0 bytes spill stores, 0 bytes spill loads
warning: speedbitcrack@0.1.0: ptxas info    : Used 48 registers, used 0 barriers, 192 bytes smem, 420 bytes cmem[0]
warning: speedbitcrack@0.1.0: ptxas info    : Compile time = 2.206 ms
warning: speedbitcrack@0.1.0: ptxas info    : Compiling entry function '_Z16check_collisionsPjS_S_iS_' for 'sm_86'
warning: speedbitcrack@0.1.0: ptxas info    : Function properties for _Z16check_collisionsPjS_S_iS_
warning: speedbitcrack@0.1.0:     0 bytes stack frame, 0 bytes spill stores, 0 bytes spill loads
warning: speedbitcrack@0.1.0: ptxas info    : Used 24 registers, used 0 barriers, 392 bytes cmem[0]
warning: speedbitcrack@0.1.0: ptxas info    : Compile time = 0.823 ms
warning: speedbitcrack@0.1.0: ptxas info    : Compiling entry function '_Z16solve_collisionsP7DpEntryS0_P5PointiiPi' for 'sm_86'
warning: speedbitcrack@0.1.0: ptxas info    : Function properties for _Z16solve_collisionsP7DpEntryS0_P5PointiiPi
warning: speedbitcrack@0.1.0:     960 bytes stack frame, 0 bytes spill stores, 0 bytes spill loads
warning: speedbitcrack@0.1.0: ptxas info    : Used 64 registers, used 0 barriers, 392 bytes cmem[0]
warning: speedbitcrack@0.1.0: ptxas info    : Compile time = 7.551 ms
warning: speedbitcrack@0.1.0: ptxas info    : Compiling entry function '_Z16batch_scalar_mulP5PointPjiPKj' for 'sm_86'
warning: speedbitcrack@0.1.0: ptxas info    : Function properties for _Z16batch_scalar_mulP5PointPjiPKj
warning: speedbitcrack@0.1.0:     320 bytes stack frame, 0 bytes spill stores, 0 bytes spill loads
warning: speedbitcrack@0.1.0: ptxas info    : Used 43 registers, used 0 barriers, 384 bytes cmem[0]
warning: speedbitcrack@0.1.0: ptxas info    : Compile time = 3.429 ms
warning: speedbitcrack@0.1.0: ptxas info    : Function properties for sqrt
warning: speedbitcrack@0.1.0:     16 bytes stack frame, 12 bytes spill stores, 12 bytes spill loads
warning: speedbitcrack@0.1.0: ptxas info    : Compile time = 0.608 ms
warning: speedbitcrack@0.1.0: ptxas info    : Function properties for __uAtomicAdd
warning: speedbitcrack@0.1.0:     0 bytes stack frame, 0 bytes spill stores, 0 bytes spill loads
warning: speedbitcrack@0.1.0: ptxas info    : Compile time = 0.240 ms
warning: speedbitcrack@0.1.0: ptxas info    : Function properties for __iAtomicExch
warning: speedbitcrack@0.1.0:     0 bytes stack frame, 0 bytes spill stores, 0 bytes spill loads
warning: speedbitcrack@0.1.0: ptxas info    : Compile time = 0.233 ms
warning: speedbitcrack@0.1.0: ptxas info    : Function properties for _ZN36_INTERNAL_53157ad7_8_solve_cu_SECP_N9atomicAddEPjj
warning: speedbitcrack@0.1.0:     24 bytes stack frame, 20 bytes spill stores, 20 bytes spill loads
warning: speedbitcrack@0.1.0: ptxas info    : Compile time = 0.389 ms
warning: speedbitcrack@0.1.0: ptxas info    : Function properties for _ZN36_INTERNAL_53157ad7_8_solve_cu_SECP_N10atomicExchEPii
warning: speedbitcrack@0.1.0:     24 bytes stack frame, 20 bytes spill stores, 20 bytes spill loads
warning: speedbitcrack@0.1.0: ptxas info    : Compile time = 0.342 ms
warning: speedbitcrack@0.1.0: ptxas info    : Function properties for _ZN36_INTERNAL_53157ad7_8_solve_cu_SECP_N11__shfl_syncEjiii
warning: speedbitcrack@0.1.0:     32 bytes stack frame, 28 bytes spill stores, 28 bytes spill loads
warning: speedbitcrack@0.1.0: ptxas info    : Compile time = 0.506 ms
warning: speedbitcrack@0.1.0: ptxas info    : Function properties for _ZN36_INTERNAL_53157ad7_8_solve_cu_SECP_N11__shfl_syncEjjii
warning: speedbitcrack@0.1.0:     24 bytes stack frame, 24 bytes spill stores, 24 bytes spill loads
warning: speedbitcrack@0.1.0: ptxas info    : Compile time = 0.363 ms
warning: speedbitcrack@0.1.0: ptxas info    : Function properties for _ZN36_INTERNAL_53157ad7_8_solve_cu_SECP_N12limb_compareEPKjS1_i
warning: speedbitcrack@0.1.0:     0 bytes stack frame, 0 bytes spill stores, 0 bytes spill loads
warning: speedbitcrack@0.1.0: ptxas info    : Compile time = 0.979 ms
warning: speedbitcrack@0.1.0: ptxas info    : Function properties for _ZN36_INTERNAL_53157ad7_8_solve_cu_SECP_N8limb_addEPKjS1_Pji
warning: speedbitcrack@0.1.0:     0 bytes stack frame, 0 bytes spill stores, 0 bytes spill loads
warning: speedbitcrack@0.1.0: ptxas info    : Compile time = 0.850 ms
warning: speedbitcrack@0.1.0: ptxas info    : Function properties for _ZN36_INTERNAL_53157ad7_8_solve_cu_SECP_N8limb_subEPKjS1_Pji
warning: speedbitcrack@0.1.0:     0 bytes stack frame, 0 bytes spill stores, 0 bytes spill loads
warning: speedbitcrack@0.1.0: ptxas info    : Compile time = 0.899 ms
warning: speedbitcrack@0.1.0: ptxas info    : Function properties for _ZN36_INTERNAL_53157ad7_8_solve_cu_SECP_N10bigint_cmpEPKjS1_
warning: speedbitcrack@0.1.0:     0 bytes stack frame, 0 bytes spill stores, 0 bytes spill loads
warning: speedbitcrack@0.1.0: ptxas info    : Compile time = 0.807 ms
warning: speedbitcrack@0.1.0: ptxas info    : Function properties for _ZN36_INTERNAL_53157ad7_8_solve_cu_SECP_N14bigint_cmp_parEPKjS1_
warning: speedbitcrack@0.1.0:     0 bytes stack frame, 0 bytes spill stores, 0 bytes spill loads
warning: speedbitcrack@0.1.0: ptxas info    : Compile time = 0.850 ms
warning: speedbitcrack@0.1.0: ptxas info    : Function properties for _ZN36_INTERNAL_53157ad7_8_solve_cu_SECP_N10bigint_addEPKjS1_Pj
warning: speedbitcrack@0.1.0:     0 bytes stack frame, 0 bytes spill stores, 0 bytes spill loads
warning: speedbitcrack@0.1.0: ptxas info    : Compile time = 0.858 ms
warning: speedbitcrack@0.1.0: ptxas info    : Function properties for _ZN36_INTERNAL_53157ad7_8_solve_cu_SECP_N10bigint_mulEPKjS1_Pj
warning: speedbitcrack@0.1.0:     0 bytes stack frame, 0 bytes spill stores, 0 bytes spill loads
warning: speedbitcrack@0.1.0: ptxas info    : Compile time = 1.532 ms
warning: speedbitcrack@0.1.0: ptxas info    : Function properties for _ZN36_INTERNAL_53157ad7_8_solve_cu_SECP_N19barrett_reduce_fullEPKjS1_S1_Pj
warning: speedbitcrack@0.1.0:     200 bytes stack frame, 72 bytes spill stores, 72 bytes spill loads
warning: speedbitcrack@0.1.0: ptxas info    : Compile time = 2.295 ms
warning: speedbitcrack@0.1.0: ptxas info    : Function properties for _ZN36_INTERNAL_53157ad7_8_solve_cu_SECP_N10bigint_divEPKjS1_Pj
warning: speedbitcrack@0.1.0:     144 bytes stack frame, 80 bytes spill stores, 80 bytes spill loads
warning: speedbitcrack@0.1.0: ptxas info    : Compile time = 3.146 ms
warning: speedbitcrack@0.1.0: ptxas info    : Function properties for _ZN36_INTERNAL_53157ad7_8_solve_cu_SECP_N10bigint_modEPKjS1_Pj
warning: speedbitcrack@0.1.0:     104 bytes stack frame, 40 bytes spill stores, 40 bytes spill loads
warning: speedbitcrack@0.1.0: ptxas info    : Compile time = 1.074 ms
warning: speedbitcrack@0.1.0: ptxas info    : Function properties for _ZN36_INTERNAL_53157ad7_8_solve_cu_SECP_N11mod_inverseEPKjS1_Pj
warning: speedbitcrack@0.1.0:     352 bytes stack frame, 92 bytes spill stores, 92 bytes spill loads
warning: speedbitcrack@0.1.0: ptxas info    : Compile time = 4.461 ms
warning: speedbitcrack@0.1.0: ptxas info    : Function properties for _ZN36_INTERNAL_53157ad7_8_solve_cu_SECP_N20cuda_safe_diff_mod_nEPKjS1_S1_Pj
warning: speedbitcrack@0.1.0:     128 bytes stack frame, 64 bytes spill stores, 64 bytes spill loads
warning: speedbitcrack@0.1.0: ptxas info    : Compile time = 1.034 ms
warning: speedbitcrack@0.1.0: ptxas info    : Function properties for _ZN36_INTERNAL_53157ad7_8_solve_cu_SECP_N9point_subEPK5PointS2_PS0_PKj
warning: speedbitcrack@0.1.0:     528 bytes stack frame, 132 bytes spill stores, 132 bytes spill loads
warning: speedbitcrack@0.1.0: ptxas info    : Compile time = 3.212 ms
warning: speedbitcrack@0.1.0: ptxas info    : Function properties for _ZN36_INTERNAL_53157ad7_8_solve_cu_SECP_N15point_mul_smallEPK5PointjPKj
warning: speedbitcrack@0.1.0:     608 bytes stack frame, 128 bytes spill stores, 128 bytes spill loads
warning: speedbitcrack@0.1.0: ptxas info    : Compile time = 9.851 ms
warning: speedbitcrack@0.1.0: ptxas info    : Function properties for _ZN36_INTERNAL_53157ad7_8_solve_cu_SECP_N15mod_inverse_u64Emm
warning: speedbitcrack@0.1.0:     80 bytes stack frame, 80 bytes spill stores, 80 bytes spill loads
warning: speedbitcrack@0.1.0: ptxas info    : Compile time = 1.617 ms
warning: speedbitcrack@0.1.0: ptxas info    : Function properties for _ZN36_INTERNAL_53157ad7_8_solve_cu_SECP_N23factor_small_primes_u64Em
warning: speedbitcrack@0.1.0:     56 bytes stack frame, 52 bytes spill stores, 52 bytes spill loads
warning: speedbitcrack@0.1.0: ptxas info    : Compile time = 1.148 ms
warning: speedbitcrack@0.1.0: ptxas info    : Function properties for _ZN36_INTERNAL_53157ad7_8_solve_cu_SECP_N19montgomery_redc_parEPKjS1_jPj
warning: speedbitcrack@0.1.0:     136 bytes stack frame, 68 bytes spill stores, 68 bytes spill loads
warning: speedbitcrack@0.1.0: ptxas info    : Compile time = 3.386 ms
warning: speedbitcrack@0.1.0: ptxas info    : Function properties for _ZN36_INTERNAL_53157ad7_8_solve_cu_SECP_N19bigint_wide_mul_parEPKjS1_Pj
warning: speedbitcrack@0.1.0:     56 bytes stack frame, 56 bytes spill stores, 56 bytes spill loads
warning: speedbitcrack@0.1.0: ptxas info    : Compile time = 2.243 ms
warning: speedbitcrack@0.1.0: ptxas info    : Overriding maximum register limit 256 for '_Z14rho_kernel_soaPjS_S_S_S_Pfjjj' with  64 of maxrregcount option
warning: speedbitcrack@0.1.0: ptxas info    : Overriding maximum register limit 256 for '_Z14rho_kernel_aosPjS_Pfjjj' with  64 of maxrregcount option
warning: speedbitcrack@0.1.0: ptxas info    : Overriding maximum register limit 256 for '_Z32collect_distinguished_points_soaPjS_S_S_S_S_jj' with  64 of maxrregcount option
warning: speedbitcrack@0.1.0: ptxas info    : 0 bytes gmem, 68 bytes cmem[3]
warning: speedbitcrack@0.1.0: ptxas info    : Compiling entry function '_Z14rho_kernel_soaPjS_S_S_S_Pfjjj' for 'sm_86'
warning: speedbitcrack@0.1.0: ptxas info    : Function properties for _Z14rho_kernel_soaPjS_S_S_S_Pfjjj
warning: speedbitcrack@0.1.0:     80 bytes stack frame, 0 bytes spill stores, 0 bytes spill loads
warning: speedbitcrack@0.1.0: ptxas info    : Used 50 registers, used 0 barriers, 412 bytes cmem[0]
warning: speedbitcrack@0.1.0: ptxas info    : Compile time = 4.824 ms
warning: speedbitcrack@0.1.0: ptxas info    : Compiling entry function '_Z14rho_kernel_aosPjS_Pfjjj' for 'sm_86'
warning: speedbitcrack@0.1.0: ptxas info    : Function properties for _Z14rho_kernel_aosPjS_Pfjjj
warning: speedbitcrack@0.1.0:     0 bytes stack frame, 0 bytes spill stores, 0 bytes spill loads
warning: speedbitcrack@0.1.0: ptxas info    : Used 32 registers, used 0 barriers, 388 bytes cmem[0]
warning: speedbitcrack@0.1.0: ptxas info    : Compile time = 1.990 ms
warning: speedbitcrack@0.1.0: ptxas info    : Compiling entry function '_Z32collect_distinguished_points_soaPjS_S_S_S_S_jj' for 'sm_86'
warning: speedbitcrack@0.1.0: ptxas info    : Function properties for _Z32collect_distinguished_points_soaPjS_S_S_S_S_jj
warning: speedbitcrack@0.1.0:     0 bytes stack frame, 0 bytes spill stores, 0 bytes spill loads
warning: speedbitcrack@0.1.0: ptxas info    : Used 32 registers, used 0 barriers, 408 bytes cmem[0]
warning: speedbitcrack@0.1.0: ptxas info    : Compile time = 1.015 ms
warning: speedbitcrack@0.1.0: ptxas info    : Function properties for __ffs
warning: speedbitcrack@0.1.0:     0 bytes stack frame, 0 bytes spill stores, 0 bytes spill loads
warning: speedbitcrack@0.1.0: ptxas info    : Compile time = 0.213 ms
warning: speedbitcrack@0.1.0: ptxas info    : Function properties for __uAtomicAdd
warning: speedbitcrack@0.1.0:     0 bytes stack frame, 0 bytes spill stores, 0 bytes spill loads
warning: speedbitcrack@0.1.0: ptxas info    : Compile time = 0.236 ms
warning: speedbitcrack@0.1.0: ptxas info    : Function properties for _ZN48_INTERNAL_daef3d82_23_rho_kernel_optimized_cu_MU9atomicAddEPjj
warning: speedbitcrack@0.1.0:     24 bytes stack frame, 20 bytes spill stores, 20 bytes spill loads
warning: speedbitcrack@0.1.0: ptxas info    : Compile time = 0.423 ms
warning: speedbitcrack@0.1.0: ptxas info    : Overriding maximum register limit 256 for '_Z25barrett_mod_kernel_sharedPKjPjj' with  64 of maxrregcount option
warning: speedbitcrack@0.1.0: ptxas info    : Overriding maximum register limit 256 for '_Z21barrett_modpow_kernelPKjS0_Pjj' with  64 of maxrregcount option
warning: speedbitcrack@0.1.0: ptxas info    : Overriding maximum register limit 256 for '_Z24fast_bias_residue_kernelPKjPjjj' with  64 of maxrregcount option
warning: speedbitcrack@0.1.0: ptxas info    : Overriding maximum register limit 256 for '_Z30batch_barrett_reduce_bigint256PA8_jiPjS1_' with  64 of maxrregcount option
warning: speedbitcrack@0.1.0: ptxas info    : 0 bytes gmem, 68 bytes cmem[3]
warning: speedbitcrack@0.1.0: ptxas info    : Compiling entry function '_Z25barrett_mod_kernel_sharedPKjPjj' for 'sm_86'
warning: speedbitcrack@0.1.0: ptxas info    : Function properties for _Z25barrett_mod_kernel_sharedPKjPjj
warning: speedbitcrack@0.1.0:     64 bytes stack frame, 0 bytes spill stores, 0 bytes spill loads
warning: speedbitcrack@0.1.0: ptxas info    : Used 28 registers, used 1 barriers, 68 bytes smem, 372 bytes cmem[0]
warning: speedbitcrack@0.1.0: ptxas info    : Compile time = 3.049 ms
warning: speedbitcrack@0.1.0: ptxas info    : Compiling entry function '_Z21barrett_modpow_kernelPKjS0_Pjj' for 'sm_86'
warning: speedbitcrack@0.1.0: ptxas info    : Function properties for _Z21barrett_modpow_kernelPKjS0_Pjj
warning: speedbitcrack@0.1.0:     128 bytes stack frame, 0 bytes spill stores, 0 bytes spill loads
warning: speedbitcrack@0.1.0: ptxas info    : Used 40 registers, used 1 barriers, 68 bytes smem, 380 bytes cmem[0]
warning: speedbitcrack@0.1.0: ptxas info    : Compile time = 3.992 ms
warning: speedbitcrack@0.1.0: ptxas info    : Compiling entry function '_Z24fast_bias_residue_kernelPKjPjjj' for 'sm_86'
warning: speedbitcrack@0.1.0: ptxas info    : Function properties for _Z24fast_bias_residue_kernelPKjPjjj
warning: speedbitcrack@0.1.0:     0 bytes stack frame, 0 bytes spill stores, 0 bytes spill loads
warning: speedbitcrack@0.1.0: ptxas info    : Used 19 registers, used 1 barriers, 68 bytes smem, 376 bytes cmem[0]
warning: speedbitcrack@0.1.0: ptxas info    : Compile time = 1.142 ms
warning: speedbitcrack@0.1.0: ptxas info    : Compiling entry function '_Z30batch_barrett_reduce_bigint256PA8_jiPjS1_' for 'sm_86'
warning: speedbitcrack@0.1.0: ptxas info    : Function properties for _Z30batch_barrett_reduce_bigint256PA8_jiPjS1_
warning: speedbitcrack@0.1.0:     0 bytes stack frame, 0 bytes spill stores, 0 bytes spill loads
warning: speedbitcrack@0.1.0: ptxas info    : Used 24 registers, used 0 barriers, 384 bytes cmem[0]
warning: speedbitcrack@0.1.0: ptxas info    : Compile time = 0.556 ms
warning: speedbitcrack@0.1.0: ptxas info    : Function properties for memcpy
warning: speedbitcrack@0.1.0:     0 bytes stack frame, 0 bytes spill stores, 0 bytes spill loads
warning: speedbitcrack@0.1.0: ptxas info    : Compile time = 0.617 ms
warning: speedbitcrack@0.1.0: ptxas info    : Function properties for _ZN58_INTERNAL_450f1467_27_barrett_kernel_optimized_cu_21e2378c12limb_compareEPKjS1_i
warning: speedbitcrack@0.1.0:     0 bytes stack frame, 0 bytes spill stores, 0 bytes spill loads
warning: speedbitcrack@0.1.0: ptxas info    : Compile time = 0.828 ms
warning: speedbitcrack@0.1.0: ptxas info    : Function properties for _ZN58_INTERNAL_450f1467_27_barrett_kernel_optimized_cu_21e2378c8limb_subEPKjS1_Pji
warning: speedbitcrack@0.1.0:     0 bytes stack frame, 0 bytes spill stores, 0 bytes spill loads
warning: speedbitcrack@0.1.0: ptxas info    : Compile time = 0.837 ms
warning: speedbitcrack@0.1.0: ptxas info    : Function properties for _ZN58_INTERNAL_450f1467_27_barrett_kernel_optimized_cu_21e2378c21barrett_reduce_deviceEPKjS1_S1_Pj
warning: speedbitcrack@0.1.0:     48 bytes stack frame, 44 bytes spill stores, 44 bytes spill loads
warning: speedbitcrack@0.1.0: ptxas info    : Compile time = 0.880 ms
warning: speedbitcrack@0.1.0: ptxas info    : Function properties for _ZN58_INTERNAL_450f1467_27_barrett_kernel_optimized_cu_21e2378c14barrett_reduceEPKjS1_S1_Pj
warning: speedbitcrack@0.1.0:     48 bytes stack frame, 44 bytes spill stores, 44 bytes spill loads
warning: speedbitcrack@0.1.0: ptxas info    : Compile time = 0.682 ms
warning: speedbitcrack@0.1.0: ptxas info    : Overriding maximum register limit 256 for '_Z20batch_mod_mul_hybridPjS_S_S_i' with  64 of maxrregcount option
warning: speedbitcrack@0.1.0: ptxas info    : Overriding maximum register limit 256 for '_Z20batch_mod_sqr_hybridPjS_S_i' with  64 of maxrregcount option
warning: speedbitcrack@0.1.0: ptxas info    : Overriding maximum register limit 256 for '_Z23fused_mul_reduce_kernelPjS_S_S_S_i' with  64 of maxrregcount option
warning: speedbitcrack@0.1.0: ptxas info    : 0 bytes gmem, 108 bytes cmem[3]
warning: speedbitcrack@0.1.0: ptxas info    : Compiling entry function '_Z20batch_mod_mul_hybridPjS_S_S_i' for 'sm_86'
warning: speedbitcrack@0.1.0: ptxas info    : Function properties for _Z20batch_mod_mul_hybridPjS_S_S_i
warning: speedbitcrack@0.1.0:     0 bytes stack frame, 0 bytes spill stores, 0 bytes spill loads
warning: speedbitcrack@0.1.0: ptxas info    : Used 24 registers, used 0 barriers, 388 bytes cmem[0]
warning: speedbitcrack@0.1.0: ptxas info    : Compile time = 0.826 ms
warning: speedbitcrack@0.1.0: ptxas info    : Compiling entry function '_Z20batch_mod_sqr_hybridPjS_S_i' for 'sm_86'
warning: speedbitcrack@0.1.0: ptxas info    : Function properties for _Z20batch_mod_sqr_hybridPjS_S_i
warning: speedbitcrack@0.1.0:     0 bytes stack frame, 0 bytes spill stores, 0 bytes spill loads
warning: speedbitcrack@0.1.0: ptxas info    : Used 24 registers, used 0 barriers, 380 bytes cmem[0]
warning: speedbitcrack@0.1.0: ptxas info    : Compile time = 0.630 ms
warning: speedbitcrack@0.1.0: ptxas info    : Compiling entry function '_Z23fused_mul_reduce_kernelPjS_S_S_S_i' for 'sm_86'
warning: speedbitcrack@0.1.0: ptxas info    : Function properties for _Z23fused_mul_reduce_kernelPjS_S_S_S_i
warning: speedbitcrack@0.1.0:     424 bytes stack frame, 0 bytes spill stores, 0 bytes spill loads
warning: speedbitcrack@0.1.0: ptxas info    : Used 45 registers, used 1 barriers, 16384 bytes smem, 396 bytes cmem[0]
warning: speedbitcrack@0.1.0: ptxas info    : Compile time = 12.319 ms
warning: speedbitcrack@0.1.0: ptxas info    : Function properties for __uAtomicAdd
warning: speedbitcrack@0.1.0:     0 bytes stack frame, 0 bytes spill stores, 0 bytes spill loads
warning: speedbitcrack@0.1.0: ptxas info    : Compile time = 0.292 ms
warning: speedbitcrack@0.1.0: ptxas info    : Function properties for _ZN39_INTERNAL_e0e51b64_9_hybrid_cu_dc1172219atomicAddEPjj
warning: speedbitcrack@0.1.0:     24 bytes stack frame, 20 bytes spill stores, 20 bytes spill loads
warning: speedbitcrack@0.1.0: ptxas info    : Compile time = 0.364 ms
warning: speedbitcrack@0.1.0: ptxas info    : Function properties for _ZN39_INTERNAL_e0e51b64_9_hybrid_cu_dc11722111__shfl_syncEjiii
warning: speedbitcrack@0.1.0:     32 bytes stack frame, 28 bytes spill stores, 28 bytes spill loads
warning: speedbitcrack@0.1.0: ptxas info    : Compile time = 0.526 ms
warning: speedbitcrack@0.1.0: ptxas info    : Function properties for _ZN39_INTERNAL_e0e51b64_9_hybrid_cu_dc11722111__shfl_syncEjjii
warning: speedbitcrack@0.1.0:     24 bytes stack frame, 24 bytes spill stores, 24 bytes spill loads
warning: speedbitcrack@0.1.0: ptxas info    : Compile time = 0.361 ms
warning: speedbitcrack@0.1.0: ptxas info    : Function properties for _ZN39_INTERNAL_e0e51b64_9_hybrid_cu_dc11722114bigint_cmp_parEPKjS1_
warning: speedbitcrack@0.1.0:     40 bytes stack frame, 40 bytes spill stores, 40 bytes spill loads
warning: speedbitcrack@0.1.0: ptxas info    : Compile time = 1.730 ms
warning: speedbitcrack@0.1.0: ptxas info    : Function properties for _ZN39_INTERNAL_e0e51b64_9_hybrid_cu_dc11722114bigint_sub_parEPKjS1_Pj
warning: speedbitcrack@0.1.0:     64 bytes stack frame, 64 bytes spill stores, 64 bytes spill loads
warning: speedbitcrack@0.1.0: ptxas info    : Compile time = 1.513 ms
warning: speedbitcrack@0.1.0: ptxas info    : Function properties for _ZN39_INTERNAL_e0e51b64_9_hybrid_cu_dc11722114bigint_mul_parEPKjS1_Pj
warning: speedbitcrack@0.1.0:     64 bytes stack frame, 60 bytes spill stores, 60 bytes spill loads
warning: speedbitcrack@0.1.0: ptxas info    : Compile time = 2.088 ms
warning: speedbitcrack@0.1.0: ptxas info    : Function properties for _ZN39_INTERNAL_e0e51b64_9_hybrid_cu_dc11722119bigint_wide_mul_parEPKjS1_Pj
warning: speedbitcrack@0.1.0:     56 bytes stack frame, 56 bytes spill stores, 56 bytes spill loads
warning: speedbitcrack@0.1.0: ptxas info    : Compile time = 1.977 ms
warning: speedbitcrack@0.1.0: ptxas info    : Function properties for _ZN39_INTERNAL_e0e51b64_9_hybrid_cu_dc11722119montgomery_redc_parEPKjS1_jPj
warning: speedbitcrack@0.1.0:     128 bytes stack frame, 60 bytes spill stores, 60 bytes spill loads
warning: speedbitcrack@0.1.0: ptxas info    : Compile time = 3.568 ms
warning: speedbitcrack@0.1.0: ptxas info    : Function properties for _ZN39_INTERNAL_e0e51b64_9_hybrid_cu_dc11722118barrett_reduce_parEPKjS1_S1_Pj
warning: speedbitcrack@0.1.0:     232 bytes stack frame, 68 bytes spill stores, 68 bytes spill loads
warning: speedbitcrack@0.1.0: ptxas info    : Compile time = 3.286 ms
warning: speedbitcrack@0.1.0: ptxas info    : Function properties for _ZN39_INTERNAL_e0e51b64_9_hybrid_cu_dc11722114mod_mul_hybridEPKjS1_S1_Pj
warning: speedbitcrack@0.1.0:     304 bytes stack frame, 72 bytes spill stores, 72 bytes spill loads
warning: speedbitcrack@0.1.0: ptxas info    : Compile time = 2.931 ms
warning: speedbitcrack@0.1.0: ptxas info    : Overriding maximum register limit 256 for '_Z26multi_bias_attractor_checkPmPhiiS_' with  64 of maxrregcount option
warning: speedbitcrack@0.1.0: ptxas info    : Overriding maximum register limit 256 for '_Z27common_bias_attractor_checkPmPhi' with  64 of maxrregcount option
warning: speedbitcrack@0.1.0: ptxas info    : Overriding maximum register limit 256 for '_Z24bias_check_kernel_paddedPjPhjPf' with  64 of maxrregcount option
warning: speedbitcrack@0.1.0: ptxas info    : 0 bytes gmem
warning: speedbitcrack@0.1.0: ptxas info    : Compiling entry function '_Z26multi_bias_attractor_checkPmPhiiS_' for 'sm_86'
warning: speedbitcrack@0.1.0: ptxas info    : Function properties for _Z26multi_bias_attractor_checkPmPhiiS_
warning: speedbitcrack@0.1.0:     0 bytes stack frame, 0 bytes spill stores, 0 bytes spill loads
warning: speedbitcrack@0.1.0: ptxas info    : Used 50 registers, used 0 barriers, 384 bytes cmem[0]
warning: speedbitcrack@0.1.0: ptxas info    : Compile time = 3.470 ms
warning: speedbitcrack@0.1.0: ptxas info    : Compiling entry function '_Z27common_bias_attractor_checkPmPhi' for 'sm_86'
warning: speedbitcrack@0.1.0: ptxas info    : Function properties for _Z27common_bias_attractor_checkPmPhi
warning: speedbitcrack@0.1.0:     0 bytes stack frame, 0 bytes spill stores, 0 bytes spill loads
warning: speedbitcrack@0.1.0: ptxas info    : Used 58 registers, used 0 barriers, 372 bytes cmem[0]
warning: speedbitcrack@0.1.0: ptxas info    : Compile time = 6.653 ms
warning: speedbitcrack@0.1.0: ptxas info    : Compiling entry function '_Z24bias_check_kernel_paddedPjPhjPf' for 'sm_86'
warning: speedbitcrack@0.1.0: ptxas info    : Function properties for _Z24bias_check_kernel_paddedPjPhjPf
warning: speedbitcrack@0.1.0:     0 bytes stack frame, 0 bytes spill stores, 0 bytes spill loads
warning: speedbitcrack@0.1.0: ptxas info    : Used 23 registers, used 1 barriers, 448 bytes smem, 384 bytes cmem[0]
warning: speedbitcrack@0.1.0: ptxas info    : Compile time = 2.111 ms
warning: speedbitcrack@0.1.0: ptxas info    : Overriding maximum register limit 256 for '_Z27generate_gold_cluster_jumpsPmihhhh' with  64 of maxrregcount option
warning: speedbitcrack@0.1.0: ptxas info    : Overriding maximum register limit 256 for '_Z23gold_cluster_batch_stepPmS_S_S_S_ihhhh' with  64 of maxrregcount option
warning: speedbitcrack@0.1.0: ptxas info    : 0 bytes gmem
warning: speedbitcrack@0.1.0: ptxas info    : Function properties for _Z25preload_gold_cluster_biashhhh
warning: speedbitcrack@0.1.0:     0 bytes stack frame, 0 bytes spill stores, 0 bytes spill loads
warning: speedbitcrack@0.1.0: ptxas info    : Compile time = 1.671 ms
warning: speedbitcrack@0.1.0: ptxas info    : Function properties for _Z22apply_gold_bias_sharedPm
warning: speedbitcrack@0.1.0:     40 bytes stack frame, 36 bytes spill stores, 36 bytes spill loads
warning: speedbitcrack@0.1.0: ptxas info    : Compile time = 1.659 ms
warning: speedbitcrack@0.1.0: ptxas info    : Function properties for _Z11gold_ec_opsPmPKm
warning: speedbitcrack@0.1.0:     0 bytes stack frame, 0 bytes spill stores, 0 bytes spill loads
warning: speedbitcrack@0.1.0: ptxas info    : Compile time = 0.721 ms
warning: speedbitcrack@0.1.0: ptxas info    : Compiling entry function '_Z27generate_gold_cluster_jumpsPmihhhh' for 'sm_86'
warning: speedbitcrack@0.1.0: ptxas info    : Function properties for _Z27generate_gold_cluster_jumpsPmihhhh
warning: speedbitcrack@0.1.0:     32 bytes stack frame, 0 bytes spill stores, 0 bytes spill loads
warning: speedbitcrack@0.1.0: ptxas info    : Used 34 registers, used 0 barriers, 368 bytes cmem[0]
warning: speedbitcrack@0.1.0: ptxas info    : Compile time = 2.063 ms
warning: speedbitcrack@0.1.0: ptxas info    : Compiling entry function '_Z23gold_cluster_batch_stepPmS_S_S_S_ihhhh' for 'sm_86'
warning: speedbitcrack@0.1.0: ptxas info    : Function properties for _Z23gold_cluster_batch_stepPmS_S_S_S_ihhhh
warning: speedbitcrack@0.1.0:     0 bytes stack frame, 0 bytes spill stores, 0 bytes spill loads
warning: speedbitcrack@0.1.0: ptxas info    : Used 40 registers, used 0 barriers, 400 bytes cmem[0]
warning: speedbitcrack@0.1.0: ptxas info    : Compile time = 1.895 ms
warning: speedbitcrack@0.1.0: ptxas info    : Overriding maximum register limit 256 for '_Z21mod27_attractor_checkPmPbi' with  64 of maxrregcount option
warning: speedbitcrack@0.1.0: ptxas info    : 0 bytes gmem
warning: speedbitcrack@0.1.0: ptxas info    : Compiling entry function '_Z21mod27_attractor_checkPmPbi' for 'sm_86'
warning: speedbitcrack@0.1.0: ptxas info    : Function properties for _Z21mod27_attractor_checkPmPbi
warning: speedbitcrack@0.1.0:     0 bytes stack frame, 0 bytes spill stores, 0 bytes spill loads
warning: speedbitcrack@0.1.0: ptxas info    : Used 40 registers, used 0 barriers, 372 bytes cmem[0]
warning: speedbitcrack@0.1.0: ptxas info    : Compile time = 3.210 ms
warning: speedbitcrack@0.1.0: ptxas info    : Overriding maximum register limit 256 for '_Z16mod81_bias_checkPKmPbiPji' with  64 of maxrregcount option
warning: speedbitcrack@0.1.0: ptxas info    : 0 bytes gmem
warning: speedbitcrack@0.1.0: ptxas info    : Function properties for _Z13mod81_barrettPKm
warning: speedbitcrack@0.1.0:     64 bytes stack frame, 64 bytes spill stores, 64 bytes spill loads
warning: speedbitcrack@0.1.0: ptxas info    : Compile time = 2.441 ms
warning: speedbitcrack@0.1.0: ptxas info    : Compiling entry function '_Z16mod81_bias_checkPKmPbiPji' for 'sm_86'
warning: speedbitcrack@0.1.0: ptxas info    : Function properties for _Z16mod81_bias_checkPKmPbiPji
warning: speedbitcrack@0.1.0:     0 bytes stack frame, 0 bytes spill stores, 0 bytes spill loads
warning: speedbitcrack@0.1.0: ptxas info    : Used 28 registers, used 0 barriers, 388 bytes cmem[0]
warning: speedbitcrack@0.1.0: ptxas info    : Compile time = 1.259 ms
warning: speedbitcrack@0.1.0: ptxas info    : Overriding maximum register limit 256 for '_Z27glv4_batch_decompose_kernelPK8scalar_tP12glv_result_ti' with  64 of maxrregcount option
warning: speedbitcrack@0.1.0: ptxas info    : 96 bytes gmem
warning: speedbitcrack@0.1.0: ptxas info    : Function properties for _Z13bigint256_add11bigint256_tS_
warning: speedbitcrack@0.1.0:     96 bytes stack frame, 0 bytes spill stores, 0 bytes spill loads
warning: speedbitcrack@0.1.0: ptxas info    : Compile time = 2.188 ms
warning: speedbitcrack@0.1.0: ptxas info    : Function properties for _Z13bigint256_sub11bigint256_tS_
warning: speedbitcrack@0.1.0:     96 bytes stack frame, 0 bytes spill stores, 0 bytes spill loads
warning: speedbitcrack@0.1.0: ptxas info    : Compile time = 1.634 ms
warning: speedbitcrack@0.1.0: ptxas info    : Function properties for _Z20bigint256_mul_scalar11bigint256_tm
warning: speedbitcrack@0.1.0:     88 bytes stack frame, 0 bytes spill stores, 0 bytes spill loads
warning: speedbitcrack@0.1.0: ptxas info    : Compile time = 1.548 ms
warning: speedbitcrack@0.1.0: ptxas info    : Function properties for _Z19bigint256_to_scalar11bigint256_t
warning: speedbitcrack@0.1.0:     64 bytes stack frame, 0 bytes spill stores, 0 bytes spill loads
warning: speedbitcrack@0.1.0: ptxas info    : Compile time = 2.832 ms
warning: speedbitcrack@0.1.0: ptxas info    : Compiling entry function '_Z27glv4_batch_decompose_kernelPK8scalar_tP12glv_result_ti' for 'sm_86'
warning: speedbitcrack@0.1.0: ptxas info    : Function properties for _Z27glv4_batch_decompose_kernelPK8scalar_tP12glv_result_ti
warning: speedbitcrack@0.1.0:     296 bytes stack frame, 0 bytes spill stores, 0 bytes spill loads
warning: speedbitcrack@0.1.0: ptxas info    : Used 50 registers, used 0 barriers, 372 bytes cmem[0]
warning: speedbitcrack@0.1.0: ptxas info    : Compile time = 15.389 ms
warning: speedbitcrack@0.1.0: CUDA compilation completed successfully in 10.19s
   Compiling speedbitcrack v0.1.0 (/data/Projects/SpeedBitCrackV3)
error: expected expression, found `/`
   --> src/dp/pruning.rs:380:19
    |
380 |                 };/
    |                   ^ expected expression

warning: unused import: `crate::math::CURVE_ORDER_BIGINT`
 --> src/math/bigint.rs:2:5
  |
2 | use crate::math::CURVE_ORDER_BIGINT;
  |     ^^^^^^^^^^^^^^^^^^^^^^^^^^^^^^^
  |
  = note: `#[warn(unused_imports)]` (part of `#[warn(unused)]`) on by default

warning: unnecessary parentheses around assigned value
    --> src/math/bigint.rs:1660:24
     |
1660 |         let expected = (((*CURVE_ORDER_BIGINT) - BigInt256::from_u64(2)) % (*CURVE_ORDER_BIGINT));
     |                        ^                                                                        ^
     |
     = note: `#[warn(unused_parens)]` (part of `#[warn(unused)]`) on by default
help: remove these parentheses
     |
1660 -         let expected = (((*CURVE_ORDER_BIGINT) - BigInt256::from_u64(2)) % (*CURVE_ORDER_BIGINT));
1660 +         let expected = ((*CURVE_ORDER_BIGINT) - BigInt256::from_u64(2)) % (*CURVE_ORDER_BIGINT);
     |

warning: unused import: `std::array`
 --> src/math/tests.rs:2:5
  |
2 | use std::array;
  |     ^^^^^^^^^^

warning: unused import: `std::path::Path`
  --> src/kangaroo/manager.rs:28:5
   |
28 | use std::path::Path;
   |     ^^^^^^^^^^^^^^^

warning: unused import: `k256::elliptic_curve::point::AffineCoordinates`
  --> src/kangaroo/manager.rs:36:9
   |
36 |     use k256::elliptic_curve::point::AffineCoordinates;
   |         ^^^^^^^^^^^^^^^^^^^^^^^^^^^^^^^^^^^^^^^^^^^^^^

warning: unused import: `crate::utils::hash`
  --> src/kangaroo/manager.rs:64:9
   |
64 |     use crate::utils::hash;
   |         ^^^^^^^^^^^^^^^^^^

warning: unused import: `crate::math::constants::jump_table`
 --> src/kangaroo/stepper.rs:7:5
  |
7 | use crate::math::constants::jump_table;
  |     ^^^^^^^^^^^^^^^^^^^^^^^^^^^^^^^^^^

warning: unused import: `k256::ProjectivePoint`
 --> src/kangaroo/stepper.rs:9:5
  |
9 | use k256::ProjectivePoint;
  |     ^^^^^^^^^^^^^^^^^^^^^

warning: unused import: `subtle::ConstantTimeEq`
  --> src/kangaroo/collision.rs:13:5
   |
13 | use subtle::ConstantTimeEq;
   |     ^^^^^^^^^^^^^^^^^^^^^^

warning: unused import: `Scalar`
 --> src/gpu/hybrid_manager.rs:9:52
  |
9 | use crate::types::{Point, Solution, KangarooState, Scalar};
  |                                                    ^^^^^^

warning: unused import: `k256::Scalar`
 --> src/utils/bias.rs:8:5
  |
8 | use k256::Scalar;
  |     ^^^^^^^^^^^^

warning: variable does not need to be mutable
   --> src/kangaroo/manager.rs:148:13
    |
148 |         let mut targets = if let Some(priority_path) = &config.priority_list {
    |             ----^^^^^^^
    |             |
    |             help: remove this `mut`
    |
    = note: `#[warn(unused_mut)]` (part of `#[warn(unused)]`) on by default

error[E0308]: mismatched types
    --> src/math/bigint.rs:1661:30
     |
1661 |         assert_eq!((a * b) % CURVE_ORDER_BIGINT, expected);
     |                    -------   ^^^^^^^^^^^^^^^^^^ expected `BigInt256`, found `LazyLock<BigInt256>`
     |                    |
     |                    expected because this is `math::bigint::BigInt256`
     |
     = note: expected struct `math::bigint::BigInt256`
                found struct `LazyLock<math::bigint::BigInt256>`

error[E0308]: mismatched types
    --> src/math/bigint.rs:1670:39
     |
1670 |         assert_eq!(BigInt256::one() * CURVE_ORDER_BIGINT, CURVE_ORDER_BIGINT);
     |                    ----------------   ^^^^^^^^^^^^^^^^^^ expected `BigInt256`, found `LazyLock<BigInt256>`
     |                    |
     |                    expected because this is `math::bigint::BigInt256`
     |
     = note: expected struct `math::bigint::BigInt256`
                found struct `LazyLock<math::bigint::BigInt256>`

error[E0308]: mismatched types
    --> src/math/bigint.rs:1670:59
     |
1670 |         assert_eq!(BigInt256::one() * CURVE_ORDER_BIGINT, CURVE_ORDER_BIGINT);
     |                                                           ^^^^^^^^^^^^^^^^^^ expected `BigInt256`, found `LazyLock<BigInt256>`
     |
     = note: expected struct `math::bigint::BigInt256`
                found struct `LazyLock<math::bigint::BigInt256>`

warning: unused variable: `n_bytes`
   --> src/math/constants.rs:257:21
    |
257 |                 let n_bytes = [
    |                     ^^^^^^^ help: if this is intentional, prefix it with an underscore: `_n_bytes`
    |
    = note: `#[warn(unused_variables)]` (part of `#[warn(unused)]`) on by default

error[E0277]: the trait bound `k256::Scalar: From<i32>` is not satisfied
   --> src/math/tests.rs:247:25
    |
247 |     let puzzle_scalar = k256::Scalar::from(0x123456789ABCDEF0); // Placeholder
    |                         ^^^^^^^^^^^^ the trait `From<i32>` is not implemented for `k256::Scalar`
    |
    = help: the following other types implement trait `From<T>`:
              `k256::Scalar` implements `From<&ScalarPrimitive<k256::Secp256k1>>`
              `k256::Scalar` implements `From<ScalarPrimitive<k256::Secp256k1>>`
              `k256::Scalar` implements `From<u128>`
              `k256::Scalar` implements `From<u32>`
              `k256::Scalar` implements `From<u64>`

error[E0308]: mismatched types
   --> src/math/tests.rs:275:50
    |
275 |         phi = phi * norm_squared(&b_star[i]).pow(DIM - i);
    |                                              --- ^^^^^^^ expected `u32`, found `usize`
    |                                              |
    |                                              arguments to this method are incorrect
    |
help: the return type of this call is `usize` due to the type of the argument passed
   --> src/math/tests.rs:275:21
    |
275 |         phi = phi * norm_squared(&b_star[i]).pow(DIM - i);
    |                     ^^^^^^^^^^^^^^^^^^^^^^^^^^^^^-------^
    |                                                  |
    |                                                  this argument influences the return type of `pow`
note: method defined here
   --> /home/curtlarson/.cargo/registry/src/index.crates.io-1949cf8c6b5b557f/num-traits-0.2.19/src/pow.rs:18:8
    |
 18 |     fn pow(self, rhs: RHS) -> Self::Output;
    |        ^^^
help: you can convert a `usize` to a `u32` and panic if the converted value doesn't fit
    |
275 |         phi = phi * norm_squared(&b_star[i]).pow((DIM - i).try_into().unwrap());
    |                                                  +       +++++++++++++++++++++

error[E0277]: the trait bound `math::bigint::BigInt256: std::marker::Copy` is not satisfied
   --> src/math/tests.rs:288:23
    |
288 |     let mut basis = [[BigInt256::zero(); DIM]; DIM];
    |                       ^^^^^^^^^^^^^^^^^ the trait `std::marker::Copy` is not implemented for `math::bigint::BigInt256`
    |
    = note: the `Copy` trait is required because this value will be copied for each element of the array
    = help: consider using `core::array::from_fn` to initialize the array
    = help: see https://doc.rust-lang.org/stable/std/array/fn.from_fn.html for more information
help: consider annotating `math::bigint::BigInt256` with `#[derive(Copy)]`
   --> src/math/bigint.rs:18:1
    |
 18 + #[derive(Copy)]
 19 | pub struct BigInt256 {
    |

error[E0277]: the trait bound `math::bigint::BigInt256: std::marker::Copy` is not satisfied
   --> src/math/tests.rs:308:20
    |
308 |     let mut mu = [[BigInt256::zero(); DIM]; DIM];
    |                    ^^^^^^^^^^^^^^^^^ the trait `std::marker::Copy` is not implemented for `math::bigint::BigInt256`
    |
    = note: the `Copy` trait is required because this value will be copied for each element of the array
    = help: consider using `core::array::from_fn` to initialize the array
    = help: see https://doc.rust-lang.org/stable/std/array/fn.from_fn.html for more information
help: consider annotating `math::bigint::BigInt256` with `#[derive(Copy)]`
   --> src/math/bigint.rs:18:1
    |
 18 + #[derive(Copy)]
 19 | pub struct BigInt256 {
    |

error[E0308]: mismatched types
   --> src/math/tests.rs:354:35
    |
354 |         let result = parallel_rho(&dummy_pubkey, 2);
    |                      ------------ ^^^^^^^^^^^^^ expected `&ProjectivePoint`, found `&Point`
    |                      |
    |                      arguments to this function are incorrect
    |
    = note: expected reference `&k256::ProjectivePoint`
               found reference `&types::Point`
note: function defined here
   --> src/math/tests.rs:444:4
    |
444 | fn parallel_rho(pubkey: &k256::ProjectivePoint, m: usize) -> k256::Scalar {
    |    ^^^^^^^^^^^^ ------------------------------

error[E0599]: no associated item named `ZERO` found for struct `types::Scalar` in the current scope
   --> src/math/tests.rs:356:36
    |
356 |         assert_eq!(result, Scalar::ZERO); // Placeholder assertion
    |                                    ^^^^ associated item not found in `types::Scalar`
    |
   ::: src/types.rs:45:1
    |
 45 | pub struct Scalar {
    | ----------------- associated item `ZERO` not found for this struct
    |
    = help: items from traits can only be used if the trait is implemented and in scope
    = note: the following traits define an item `ZERO`, perhaps you need to implement one of them:
            candidate #1: `ConstZero`
            candidate #2: `k256::elliptic_curve::Field`
            candidate #3: `k256::elliptic_curve::crypto_bigint::Zero`
            candidate #4: `rand::distributions::weighted::alias_method::Weight`

error[E0308]: mismatched types
   --> src/math/tests.rs:377:28
    |
377 |         assert_eq!(result, KScalar::ZERO);
    |                            ^^^^^^^^^^^^^ expected `types::Scalar`, found `k256::Scalar`
    |
    = note: `k256::Scalar` and `types::Scalar` have similar names, but are actually distinct types
note: `k256::Scalar` is defined in crate `k256`
   --> /home/curtlarson/.cargo/registry/src/index.crates.io-1949cf8c6b5b557f/k256-0.13.4/src/arithmetic/scalar.rs:76:1
    |
 76 | pub struct Scalar(pub(crate) U256);
    | ^^^^^^^^^^^^^^^^^
note: `types::Scalar` is defined in the current crate
   --> src/types.rs:45:1
    |
 45 | pub struct Scalar {
    | ^^^^^^^^^^^^^^^^^

error[E0277]: the trait bound `k256::Scalar: From<i32>` is not satisfied
   --> src/math/tests.rs:401:26
    |
401 |         assert_eq!(diff, k256::Scalar::from(2));
    |                          ^^^^^^^^^^^^ the trait `From<i32>` is not implemented for `k256::Scalar`
    |
    = help: the following other types implement trait `From<T>`:
              `k256::Scalar` implements `From<&ScalarPrimitive<k256::Secp256k1>>`
              `k256::Scalar` implements `From<ScalarPrimitive<k256::Secp256k1>>`
              `k256::Scalar` implements `From<u128>`
              `k256::Scalar` implements `From<u32>`
              `k256::Scalar` implements `From<u64>`

error[E0599]: no method named `len` found for struct `k256::Scalar` in the current scope
   --> src/math/tests.rs:438:27
    |
438 |         assert_eq!(result.len(), 1);
    |                           ^^^
    |
help: there is a method `le` with a similar name, but with different arguments
   --> /rustc/254b59607d4417e9dffbc307138ae5c86280fe4c/library/core/src/cmp.rs:1416:5

error[E0308]: mismatched types
   --> src/math/tests.rs:445:5
    |
444 | fn parallel_rho(pubkey: &k256::ProjectivePoint, m: usize) -> k256::Scalar {
    |                                                              ------------ expected `k256::Scalar` because of return type
445 |     vow_parallel_rho(pubkey, m, 1.0 / 2f64.powf(20.0))
    |     ^^^^^^^^^^^^^^^^^^^^^^^^^^^^^^^^^^^^^^^^^^^^^^^^^^ expected `k256::Scalar`, found `types::Scalar`
    |
    = note: `types::Scalar` and `k256::Scalar` have similar names, but are actually distinct types
note: `types::Scalar` is defined in the current crate
   --> src/types.rs:45:1
    |
 45 | pub struct Scalar {
    | ^^^^^^^^^^^^^^^^^
note: `k256::Scalar` is defined in crate `k256`
   --> /home/curtlarson/.cargo/registry/src/index.crates.io-1949cf8c6b5b557f/k256-0.13.4/src/arithmetic/scalar.rs:76:1
    |
 76 | pub struct Scalar(pub(crate) U256);
    | ^^^^^^^^^^^^^^^^^

error[E0061]: this function takes 9 arguments but 8 arguments were supplied
   --> src/kangaroo/stepper.rs:345:24
    |
345 |           let kangaroo = KangarooState::new(
    |  ________________________^^^^^^^^^^^^^^^^^^-
346 | |             initial_pos,
347 | |             BigInt256::zero(),
348 | |             [0; 4], // alpha
...   |
353 | |             0,      // kangaroo_type
354 | |         );
    | |_________- argument #9 of type `u32` is missing
    |
note: associated function defined here
   --> src/types.rs:338:12
    |
338 | ...fn new(position: Point, distance: BigInt256, alpha: [u64; 4], beta: [u64; 4], is_tame: bool, is_dp: bool, id: u64, step: u64, kangaroo_type: u32) -...
    |       ^^^                                                                                                                        ------------------
help: provide the argument
    |
345 ~         let kangaroo = KangarooState::new(
346 +             initial_pos,
347 +             BigInt256::zero(),
348 +             [0; 4],
349 +             [0; 4],
350 +             true,
351 +             false,
352 +             0,
353 +             0,
354 +             /* u32 */,
355 ~         );
    |

warning: use of deprecated method `k256::elliptic_curve::generic_array::GenericArray::<T, N>::as_slice`: please upgrade to generic-array 1.x
  --> src/kangaroo/collision.rs:42:25
   |
42 |         let x_bytes = x.as_slice();
   |                         ^^^^^^^^
   |
   = note: `#[warn(deprecated)]` on by default

error[E0061]: this function takes 9 arguments but 7 arguments were supplied
   --> src/gpu/tests.rs:230:26
    |
230 |           let tame_state = crate::types::KangarooState::new(
    |  __________________________^^^^^^^^^^^^^^^^^^^^^^^^^^^^^^^^-
231 | |             curve.g.clone(),
232 | |             BigInt256::zero(), // distance
233 | |             [0; 4],
...   |
237 | |             0,
238 | |         );
    | |_________- two arguments of type `u64` and `u32` are missing
    |
note: associated function defined here
   --> src/types.rs:338:12
    |
338 | ...fn new(position: Point, distance: BigInt256, alpha: [u64; 4], beta: [u64; 4], is_tame: bool, is_dp: bool, id: u64, step: u64, kangaroo_type: u32) -...
    |       ^^^                                                                                                             ---------  ------------------
help: provide the arguments
    |
230 ~         let tame_state = crate::types::KangarooState::new(
231 +             curve.g.clone(),
232 +             BigInt256::zero(),
233 +             [0; 4],
234 +             [0; 4],
235 +             true,
236 +             false,
237 +             0,
238 +             /* u64 */,
239 +             /* u32 */,
240 ~         );
    |

error[E0061]: this function takes 9 arguments but 7 arguments were supplied
   --> src/gpu/tests.rs:240:26
    |
240 |           let wild_state = crate::types::KangarooState::new(
    |  __________________________^^^^^^^^^^^^^^^^^^^^^^^^^^^^^^^^-
241 | |             curve.g.clone(),
242 | |             BigInt256::zero(), // distance
243 | |             [0; 4],
...   |
247 | |             0,
248 | |         );
    | |_________- two arguments of type `u64` and `u32` are missing
    |
note: associated function defined here
   --> src/types.rs:338:12
    |
338 | ...fn new(position: Point, distance: BigInt256, alpha: [u64; 4], beta: [u64; 4], is_tame: bool, is_dp: bool, id: u64, step: u64, kangaroo_type: u32) -...
    |       ^^^                                                                                                             ---------  ------------------
help: provide the arguments
    |
240 ~         let wild_state = crate::types::KangarooState::new(
241 +             curve.g.clone(),
242 +             BigInt256::zero(),
243 +             [0; 4],
244 +             [0; 4],
245 +             false,
246 +             false,
247 +             0,
248 +             /* u64 */,
249 +             /* u32 */,
250 ~         );
    |

error[E0061]: this function takes 9 arguments but 7 arguments were supplied
   --> src/gpu/tests.rs:269:26
    |
269 |           let tame_state = crate::types::KangarooState::new(
    |  __________________________^^^^^^^^^^^^^^^^^^^^^^^^^^^^^^^^-
270 | |             curve.g.clone(),
271 | |             BigInt256::from_u64(1000), // distance as BigInt256
272 | |             [0; 4],
...   |
276 | |             0,
277 | |         );
    | |_________- two arguments of type `u64` and `u32` are missing
    |
note: associated function defined here
   --> src/types.rs:338:12
    |
338 | ...fn new(position: Point, distance: BigInt256, alpha: [u64; 4], beta: [u64; 4], is_tame: bool, is_dp: bool, id: u64, step: u64, kangaroo_type: u32) -...
    |       ^^^                                                                                                             ---------  ------------------
help: provide the arguments
    |
269 ~         let tame_state = crate::types::KangarooState::new(
270 +             curve.g.clone(),
271 +             BigInt256::from_u64(1000),
272 +             [0; 4],
273 +             [0; 4],
274 +             true,
275 +             false,
276 +             0,
277 +             /* u64 */,
278 +             /* u32 */,
279 ~         );
    |

error[E0061]: this function takes 9 arguments but 7 arguments were supplied
   --> src/gpu/tests.rs:279:26
    |
279 |           let wild_state = crate::types::KangarooState::new(
    |  __________________________^^^^^^^^^^^^^^^^^^^^^^^^^^^^^^^^-
280 | |             curve.g.clone(),
281 | |             BigInt256::zero(),
282 | |             [0; 4],
...   |
286 | |             1,
287 | |         );
    | |_________- two arguments of type `u64` and `u32` are missing
    |
note: associated function defined here
   --> src/types.rs:338:12
    |
338 | ...fn new(position: Point, distance: BigInt256, alpha: [u64; 4], beta: [u64; 4], is_tame: bool, is_dp: bool, id: u64, step: u64, kangaroo_type: u32) -...
    |       ^^^                                                                                                             ---------  ------------------
help: provide the arguments
    |
279 ~         let wild_state = crate::types::KangarooState::new(
280 +             curve.g.clone(),
281 +             BigInt256::zero(),
282 +             [0; 4],
283 +             [0; 4],
284 +             false,
285 +             false,
286 +             1,
287 +             /* u64 */,
288 +             /* u32 */,
289 ~         );
    |

error[E0061]: this function takes 9 arguments but 7 arguments were supplied
   --> src/dp/table.rs:614:21
    |
614 | ... = KangarooState::new(point.clone(), BigInt256::from_u64(100), [0; 4], [0; 4], true, false, 0);
    |       ^^^^^^^^^^^^^^^^^^------------------------------------------------------------------------- two arguments of type `u64` and `u32` are missing
    |
note: associated function defined here
   --> src/types.rs:338:12
    |
338 | ...fn new(position: Point, distance: BigInt256, alpha: [u64; 4], beta: [u64; 4], is_tame: bool, is_dp: bool, id: u64, step: u64, kangaroo_type: u32) -...
    |       ^^^                                                                                                             ---------  ------------------
help: provide the arguments
    |
614 |         let state = KangarooState::new(point.clone(), BigInt256::from_u64(100), [0; 4], [0; 4], true, false, 0, /* u64 */, /* u32 */);
    |                                                                                                               ++++++++++++++++++++++

error[E0061]: this function takes 9 arguments but 7 arguments were supplied
   --> src/dp/table.rs:627:21
    |
627 | ... = KangarooState::new(point.clone(), BigInt256::from_u64(1000), [0; 4], [0; 4], true, false, 0);
    |       ^^^^^^^^^^^^^^^^^^-------------------------------------------------------------------------- two arguments of type `u64` and `u32` are missing
    |
note: associated function defined here
   --> src/types.rs:338:12
    |
338 | ...fn new(position: Point, distance: BigInt256, alpha: [u64; 4], beta: [u64; 4], is_tame: bool, is_dp: bool, id: u64, step: u64, kangaroo_type: u32) -...
    |       ^^^                                                                                                             ---------  ------------------
help: provide the arguments
    |
627 |         let state = KangarooState::new(point.clone(), BigInt256::from_u64(1000), [0; 4], [0; 4], true, false, 0, /* u64 */, /* u32 */);
    |                                                                                                                ++++++++++++++++++++++

error[E0061]: this function takes 9 arguments but 7 arguments were supplied
   --> src/dp/table.rs:648:25
    |
648 | ... = KangarooState::new(point.clone(), BigInt256::from_u64(distance), [0; 4], [0; 4], true, false, i);
    |       ^^^^^^^^^^^^^^^^^^------------------------------------------------------------------------------ two arguments of type `u64` and `u32` are missing
    |
note: associated function defined here
   --> src/types.rs:338:12
    |
338 | ...fn new(position: Point, distance: BigInt256, alpha: [u64; 4], beta: [u64; 4], is_tame: bool, is_dp: bool, id: u64, step: u64, kangaroo_type: u32) -...
    |       ^^^                                                                                                             ---------  ------------------
help: provide the arguments
    |
648 |             let state = KangarooState::new(point.clone(), BigInt256::from_u64(distance), [0; 4], [0; 4], true, false, i, /* u64 */, /* u32 */);
    |                                                                                                                        ++++++++++++++++++++++

error[E0061]: this function takes 9 arguments but 7 arguments were supplied
   --> src/dp/table.rs:700:21
    |
700 | ... = KangarooState::new(point.clone(), BigInt256::from_u64(100), [0; 4], [0; 4], true, false, 0);
    |       ^^^^^^^^^^^^^^^^^^------------------------------------------------------------------------- two arguments of type `u64` and `u32` are missing
    |
note: associated function defined here
   --> src/types.rs:338:12
    |
338 | ...fn new(position: Point, distance: BigInt256, alpha: [u64; 4], beta: [u64; 4], is_tame: bool, is_dp: bool, id: u64, step: u64, kangaroo_type: u32) -...
    |       ^^^                                                                                                             ---------  ------------------
help: provide the arguments
    |
700 |         let state = KangarooState::new(point.clone(), BigInt256::from_u64(100), [0; 4], [0; 4], true, false, 0, /* u64 */, /* u32 */);
    |                                                                                                               ++++++++++++++++++++++

error[E0061]: this function takes 9 arguments but 7 arguments were supplied
   --> src/dp/table.rs:741:21
    |
741 | ... = KangarooState::new(point.clone(), BigInt256::from_u64(100), [0; 4], [0; 4], true, false, 0);
    |       ^^^^^^^^^^^^^^^^^^------------------------------------------------------------------------- two arguments of type `u64` and `u32` are missing
    |
note: associated function defined here
   --> src/types.rs:338:12
    |
338 | ...fn new(position: Point, distance: BigInt256, alpha: [u64; 4], beta: [u64; 4], is_tame: bool, is_dp: bool, id: u64, step: u64, kangaroo_type: u32) -...
    |       ^^^                                                                                                             ---------  ------------------
help: provide the arguments
    |
741 |         let state = KangarooState::new(point.clone(), BigInt256::from_u64(100), [0; 4], [0; 4], true, false, 0, /* u64 */, /* u32 */);
    |                                                                                                               ++++++++++++++++++++++

error[E0061]: this function takes 9 arguments but 7 arguments were supplied
   --> src/dp/table.rs:766:25
    |
766 | ... = KangarooState::new(point.clone(), BigInt256::from_u64(i as u64 * 10), [0; 4], [0; 4], true, false, i as u64);
    |       ^^^^^^^^^^^^^^^^^^------------------------------------------------------------------------------------------ two arguments of type `u64` and `u32` are missing
    |
note: associated function defined here
   --> src/types.rs:338:12
    |
338 | ...fn new(position: Point, distance: BigInt256, alpha: [u64; 4], beta: [u64; 4], is_tame: bool, is_dp: bool, id: u64, step: u64, kangaroo_type: u32) -...
    |       ^^^                                                                                                             ---------  ------------------
help: provide the arguments
    |
766 |             let state = KangarooState::new(point.clone(), BigInt256::from_u64(i as u64 * 10), [0; 4], [0; 4], true, false, i as u64, /* u64 */, /* u32 */);
    |                                                                                                                                    ++++++++++++++++++++++

error[E0061]: this function takes 9 arguments but 7 arguments were supplied
   --> src/dp/table.rs:798:25
    |
798 | ... = KangarooState::new(point.clone(), BigInt256::from_u64(i as u64), [0; 4], [0; 4], true, false, (i % 100) as u64);
    |       ^^^^^^^^^^^^^^^^^^--------------------------------------------------------------------------------------------- two arguments of type `u64` and `u32` are missing
    |
note: associated function defined here
   --> src/types.rs:338:12
    |
338 | ...fn new(position: Point, distance: BigInt256, alpha: [u64; 4], beta: [u64; 4], is_tame: bool, is_dp: bool, id: u64, step: u64, kangaroo_type: u32) -...
    |       ^^^                                                                                                             ---------  ------------------
help: provide the arguments
    |
798 |             let state = KangarooState::new(point.clone(), BigInt256::from_u64(i as u64), [0; 4], [0; 4], true, false, (i % 100) as u64, /* u64 */, /* u32 */);
    |                                                                                                                                       ++++++++++++++++++++++

error[E0061]: this function takes 9 arguments but 7 arguments were supplied
   --> src/dp/table.rs:835:25
    |
835 | ... = KangarooState::new(point.clone(), BigInt256::from_u64(i as u64 * 10), [0; 4], [0; 4], true, false, i as u64);
    |       ^^^^^^^^^^^^^^^^^^------------------------------------------------------------------------------------------ two arguments of type `u64` and `u32` are missing
    |
note: associated function defined here
   --> src/types.rs:338:12
    |
338 | ...fn new(position: Point, distance: BigInt256, alpha: [u64; 4], beta: [u64; 4], is_tame: bool, is_dp: bool, id: u64, step: u64, kangaroo_type: u32) -...
    |       ^^^                                                                                                             ---------  ------------------
help: provide the arguments
    |
835 |             let state = KangarooState::new(point.clone(), BigInt256::from_u64(i as u64 * 10), [0; 4], [0; 4], true, false, i as u64, /* u64 */, /* u32 */);
    |                                                                                                                                    ++++++++++++++++++++++

error[E0061]: this function takes 9 arguments but 7 arguments were supplied
   --> src/dp/table.rs:895:21
    |
895 | ... = KangarooState::new(point.clone(), BigInt256::from_u64(100), [0; 4], [0; 4], true, false, 0);
    |       ^^^^^^^^^^^^^^^^^^------------------------------------------------------------------------- two arguments of type `u64` and `u32` are missing
    |
note: associated function defined here
   --> src/types.rs:338:12
    |
338 | ...fn new(position: Point, distance: BigInt256, alpha: [u64; 4], beta: [u64; 4], is_tame: bool, is_dp: bool, id: u64, step: u64, kangaroo_type: u32) -...
    |       ^^^                                                                                                             ---------  ------------------
help: provide the arguments
    |
895 |         let state = KangarooState::new(point.clone(), BigInt256::from_u64(100), [0; 4], [0; 4], true, false, 0, /* u64 */, /* u32 */);
    |                                                                                                               ++++++++++++++++++++++

error[E0061]: this function takes 9 arguments but 7 arguments were supplied
   --> src/dp/table.rs:920:25
    |
920 | ... = KangarooState::new(point.clone(), BigInt256::from_u64(i as u64 * 10), [0; 4], [0; 4], true, false, i as u64);
    |       ^^^^^^^^^^^^^^^^^^------------------------------------------------------------------------------------------ two arguments of type `u64` and `u32` are missing
    |
note: associated function defined here
   --> src/types.rs:338:12
    |
338 | ...fn new(position: Point, distance: BigInt256, alpha: [u64; 4], beta: [u64; 4], is_tame: bool, is_dp: bool, id: u64, step: u64, kangaroo_type: u32) -...
    |       ^^^                                                                                                             ---------  ------------------
help: provide the arguments
    |
920 |             let state = KangarooState::new(point.clone(), BigInt256::from_u64(i as u64 * 10), [0; 4], [0; 4], true, false, i as u64, /* u64 */, /* u32 */);
    |                                                                                                                                    ++++++++++++++++++++++

error[E0061]: this function takes 9 arguments but 7 arguments were supplied
   --> src/dp/table.rs:951:25
    |
951 | ... = KangarooState::new(point.clone(), BigInt256::from_u64(i as u64), [0; 4], [0; 4], true, false, i as u64);
    |       ^^^^^^^^^^^^^^^^^^------------------------------------------------------------------------------------- two arguments of type `u64` and `u32` are missing
    |
note: associated function defined here
   --> src/types.rs:338:12
    |
338 | ...fn new(position: Point, distance: BigInt256, alpha: [u64; 4], beta: [u64; 4], is_tame: bool, is_dp: bool, id: u64, step: u64, kangaroo_type: u32) -...
    |       ^^^                                                                                                             ---------  ------------------
help: provide the arguments
    |
951 |             let state = KangarooState::new(point.clone(), BigInt256::from_u64(i as u64), [0; 4], [0; 4], true, false, i as u64, /* u64 */, /* u32 */);
    |                                                                                                                               ++++++++++++++++++++++

error[E0061]: this function takes 9 arguments but 7 arguments were supplied
   --> src/dp/table.rs:964:25
    |
964 | ... = KangarooState::new(point.clone(), BigInt256::from_u64(i as u64 * 10), [0; 4], [0; 4], true, false, i as u64);
    |       ^^^^^^^^^^^^^^^^^^------------------------------------------------------------------------------------------ two arguments of type `u64` and `u32` are missing
    |
note: associated function defined here
   --> src/types.rs:338:12
    |
338 | ...fn new(position: Point, distance: BigInt256, alpha: [u64; 4], beta: [u64; 4], is_tame: bool, is_dp: bool, id: u64, step: u64, kangaroo_type: u32) -...
    |       ^^^                                                                                                             ---------  ------------------
help: provide the arguments
    |
964 |             let state = KangarooState::new(point.clone(), BigInt256::from_u64(i as u64 * 10), [0; 4], [0; 4], true, false, i as u64, /* u64 */, /* u32 */);
    |                                                                                                                                    ++++++++++++++++++++++

warning: unused import: `k256::elliptic_curve::point::AffineCoordinates`
 --> src/types.rs:8:5
  |
8 | use k256::elliptic_curve::point::AffineCoordinates;
  |     ^^^^^^^^^^^^^^^^^^^^^^^^^^^^^^^^^^^^^^^^^^^^^^

warning: unused import: `k256::elliptic_curve::PrimeField`
  --> src/math/secp.rs:11:5
   |
11 | use k256::elliptic_curve::PrimeField;
   |     ^^^^^^^^^^^^^^^^^^^^^^^^^^^^^^^^

warning: unused import: `point::AffineCoordinates`
  --> src/kangaroo/collision.rs:12:46
   |
12 | use k256::{ProjectivePoint, elliptic_curve::{point::AffineCoordinates, sec1::ToEncodedPoint}};
   |                                              ^^^^^^^^^^^^^^^^^^^^^^^^

warning: unused import: `rayon::prelude`
  --> src/dp/pruning.rs:10:5
   |
10 | use rayon::prelude::*;
   |     ^^^^^^^^^^^^^^

warning: unused variable: `v1`
   --> src/math/secp.rs:921:13
    |
921 |         let v1 = Self::glv_v1_scalar();
    |             ^^ help: if this is intentional, prefix it with an underscore: `_v1`

warning: unused variable: `v2`
   --> src/math/secp.rs:922:13
    |
922 |         let v2 = Self::glv_v2_scalar();
    |             ^^ help: if this is intentional, prefix it with an underscore: `_v2`

warning: unused variable: `k_big`
   --> src/math/secp.rs:933:13
    |
933 |         let k_big = BigInt256::zero();
    |             ^^^^^ help: if this is intentional, prefix it with an underscore: `_k_big`

warning: unused variable: `v1_big`
   --> src/math/secp.rs:934:13
    |
934 |         let v1_big = BigInt256::zero();
    |             ^^^^^^ help: if this is intentional, prefix it with an underscore: `_v1_big`

warning: unused variable: `v2_big`
   --> src/math/secp.rs:935:13
    |
935 |         let v2_big = BigInt256::zero();
    |             ^^^^^^ help: if this is intentional, prefix it with an underscore: `_v2_big`

warning: unused variable: `t1_rounded`
   --> src/math/secp.rs:942:13
    |
942 |         let t1_rounded = t1_big;
    |             ^^^^^^^^^^ help: if this is intentional, prefix it with an underscore: `_t1_rounded`

warning: unused variable: `t2_rounded`
   --> src/math/secp.rs:943:13
    |
943 |         let t2_rounded = t2_big;
    |             ^^^^^^^^^^ help: if this is intentional, prefix it with an underscore: `_t2_rounded`

warning: unused variable: `residual`
   --> src/math/secp.rs:960:13
    |
960 |         let residual = k1 * r1 + k2 * r2;
    |             ^^^^^^^^ help: if this is intentional, prefix it with an underscore: `_residual`

warning: unused variable: `residual_proj`
   --> src/math/secp.rs:961:13
    |
961 |         let residual_proj = k256::Scalar::ZERO; // Placeholder for residual projection
    |             ^^^^^^^^^^^^^ help: if this is intentional, prefix it with an underscore: `_residual_proj`

warning: unused variable: `basis`
    --> src/math/secp.rs:1085:9
     |
1085 |         basis: &[[BigInt256; 2]; 2],
     |         ^^^^^ help: if this is intentional, prefix it with an underscore: `_basis`

warning: unused variable: `gs`
    --> src/math/secp.rs:1086:9
     |
1086 |         gs: &[[BigInt256; 2]; 2],
     |         ^^ help: if this is intentional, prefix it with an underscore: `_gs`

warning: unused variable: `mu`
    --> src/math/secp.rs:1087:9
     |
1087 |         mu: &[[BigInt256; 2]; 2]
     |         ^^ help: if this is intentional, prefix it with an underscore: `_mu`

warning: unused variable: `a`
    --> src/math/secp.rs:1130:15
     |
1130 |     fn dot_2d(a: &(BigInt256, BigInt256), b: &(BigInt256, BigInt256)) -> BigInt256 {
     |               ^ help: if this is intentional, prefix it with an underscore: `_a`

warning: unused variable: `b`
    --> src/math/secp.rs:1130:43
     |
1130 |     fn dot_2d(a: &(BigInt256, BigInt256), b: &(BigInt256, BigInt256)) -> BigInt256 {
     |                                           ^ help: if this is intentional, prefix it with an underscore: `_b`

warning: unused variable: `odd_multiple`
    --> src/math/secp.rs:1386:17
     |
1386 |             let odd_multiple = 2 * i + 1;
     |                 ^^^^^^^^^^^^ help: if this is intentional, prefix it with an underscore: `_odd_multiple`

warning: unused variable: `mu_big`
   --> src/math/bigint.rs:970:13
    |
970 |         let mu_big = BigUint::from_bytes_le(&mu_bytes);
    |             ^^^^^^ help: if this is intentional, prefix it with an underscore: `_mu_big`

warning: unused variable: `n_bytes`
   --> src/math/constants.rs:213:9
    |
213 |     let n_bytes = [
    |         ^^^^^^^ help: if this is intentional, prefix it with an underscore: `_n_bytes`

warning: unused variable: `r1_abs_bytes`
   --> src/math/constants.rs:217:9
    |
217 |     let r1_abs_bytes = [
    |         ^^^^^^^^^^^^ help: if this is intentional, prefix it with an underscore: `_r1_abs_bytes`

warning: unused variable: `i`
   --> src/math/constants.rs:375:9
    |
375 |     for i in 0..4 {
    |         ^ help: if this is intentional, prefix it with an underscore: `_i`

warning: variable does not need to be mutable
   --> src/math/constants.rs:420:9
    |
420 |     let mut t = [
    |         ----^
    |         |
    |         help: remove this `mut`

warning: unused variable: `n_bytes`
   --> src/math/constants.rs:475:9
    |
475 |     let n_bytes = [
    |         ^^^^^^^ help: if this is intentional, prefix it with an underscore: `_n_bytes`

warning: unused variable: `n_bytes`
   --> src/math/constants.rs:553:9
    |
553 |     let n_bytes = [
    |         ^^^^^^^ help: if this is intentional, prefix it with an underscore: `_n_bytes`

error[E0507]: cannot move out of `*delta` which is behind a shared reference
   --> src/math/tests.rs:282:16
    |
282 |     let rhs = (*delta - mu[k][k-1].clone() * mu[k][k-1].clone()) * norm_squared(&b_star[k-1]);
    |                ^^^^^^ move occurs because `*delta` has type `math::bigint::BigInt256`, which does not implement the `Copy` trait
    |
help: consider cloning the value if the performance cost is acceptable
    |
282 -     let rhs = (*delta - mu[k][k-1].clone() * mu[k][k-1].clone()) * norm_squared(&b_star[k-1]);
282 +     let rhs = (delta.clone() - mu[k][k-1].clone() * mu[k][k-1].clone()) * norm_squared(&b_star[k-1]);
    |

error[E0508]: cannot move out of type `[math::bigint::BigInt256; 4]`, a non-copy array
   --> src/math/tests.rs:323:21
    |
323 |         sum = sum + a[i] * b[i];
    |                     ^^^^
    |                     |
    |                     cannot move out of here
    |                     move occurs because `a[_]` has type `math::bigint::BigInt256`, which does not implement the `Copy` trait
    |
help: consider cloning the value if the performance cost is acceptable
    |
323 |         sum = sum + a[i].clone() * b[i];
    |                         ++++++++

error[E0508]: cannot move out of type `[math::bigint::BigInt256; 4]`, a non-copy array
   --> src/math/tests.rs:323:28
    |
323 |         sum = sum + a[i] * b[i];
    |                            ^^^^
    |                            |
    |                            cannot move out of here
    |                            move occurs because `b[_]` has type `math::bigint::BigInt256`, which does not implement the `Copy` trait
    |
help: consider cloning the value if the performance cost is acceptable
    |
323 |         sum = sum + a[i] * b[i].clone();
    |                                ++++++++

warning: unused variable: `first_target`
   --> src/kangaroo/manager.rs:172:39
    |
172 |         let preseed_pos = if let Some(first_target) = targets.first() {
    |                                       ^^^^^^^^^^^^ help: if this is intentional, prefix it with an underscore: `_first_target`

warning: unused variable: `jump_neg_u64`
   --> src/kangaroo/collision.rs:529:21
    |
529 |                 let jump_neg_u64 = test_jump;
    |                     ^^^^^^^^^^^^ help: if this is intentional, prefix it with an underscore: `_jump_neg_u64`

warning: unused variable: `jump_fwd_u64`
   --> src/kangaroo/collision.rs:571:21
    |
571 |                 let jump_fwd_u64 = test_jump;
    |                     ^^^^^^^^^^^^ help: if this is intentional, prefix it with an underscore: `_jump_fwd_u64`

warning: unused variable: `target`
   --> src/kangaroo/manager.rs:793:103
    |
793 | ...er().map(|target| {
    |              ^^^^^^ help: if this is intentional, prefix it with an underscore: `_target`

warning: unused variable: `base_point`
   --> src/kangaroo/collision.rs:494:45
    |
494 | ...Uint, base_point: &[u64; 4], _target_point: &[u64; 4]) -> Option<Solution> {
    |          ^^^^^^^^^^ help: if this is intentional, prefix it with an underscore: `_base_point`

warning: unused variable: `k`
    --> src/kangaroo/collision.rs:1211:26
     |
1211 | pub fn validate_solution(k: &BigInt256, pubkey: &ProjectivePoint) -> bool {
     |                          ^ help: if this is intentional, prefix it with an underscore: `_k`

warning: unused variable: `pubkey`
    --> src/kangaroo/collision.rs:1211:41
     |
1211 | pub fn validate_solution(k: &BigInt256, pubkey: &ProjectivePoint) -> bool {
     |                                         ^^^^^^ help: if this is intentional, prefix it with an underscore: `_pubkey`

warning: unused variable: `encoded`
    --> src/kangaroo/collision.rs:1284:21
     |
1284 |                 let encoded = point.to_encoded_point(false);
     |                     ^^^^^^^ help: if this is intentional, prefix it with an underscore: `_encoded`

warning: unused variable: `i`
    --> src/kangaroo/collision.rs:1264:9
     |
1264 |     for i in 0..m {
     |         ^ help: if this is intentional, prefix it with an underscore: `_i`

warning: variable does not need to be mutable
    --> src/kangaroo/collision.rs:1351:9
     |
1351 |     let mut current = *collision;
     |         ----^^^^^^^
     |         |
     |         help: remove this `mut`

warning: unused variable: `jump_table_neg`
    --> src/kangaroo/collision.rs:1349:49
     |
1349 | ...k(collision: &Point, steps: u64, jump_table_neg: &[ProjectivePoint]) -> Result<Vec<Point>, Error> {
     |                                     ^^^^^^^^^^^^^^ help: if this is intentional, prefix it with an underscore: `_jump_table_neg`

warning: unused variable: `i`
   --> src/gpu/backends/cpu_backend.rs:130:13
    |
130 |         for i in 1..num_points {
    |             ^ help: if this is intentional, prefix it with an underscore: `_i`

warning: unused variable: `targets`
   --> src/gpu/backends/cpu_backend.rs:220:47
    |
220 | ...pEntry>, targets: &Vec<[[u32;8];3]>) -> Result<Vec<Option<[u32;8]>>> {
    |             ^^^^^^^ help: if this is intentional, prefix it with an underscore: `_targets`

warning: unused variable: `shift`
   --> src/gpu/backends/cpu_backend.rs:331:13
    |
331 |         let shift = 2 * bit_len;
    |             ^^^^^ help: if this is intentional, prefix it with an underscore: `_shift`

warning: unused variable: `range_min`
   --> src/gpu/backends/cpu_backend.rs:562:36
    |
562 | ...&self, range_min: &crate::math::BigInt256, range_width: &crate::math::BigInt256) -> Result<Vec<f6...
    |           ^^^^^^^^^ help: if this is intentional, prefix it with an underscore: `_range_min`

warning: unused variable: `range_width`
   --> src/gpu/backends/cpu_backend.rs:562:72
    |
562 | ...256, range_width: &crate::math::BigInt256) -> Result<Vec<f64>> {
    |         ^^^^^^^^^^^ help: if this is intentional, prefix it with an underscore: `_range_width`

warning: unused variable: `preseed_pos`
   --> src/gpu/backends/cpu_backend.rs:566:35
    |
566 | ...elf, preseed_pos: Vec<f64>, num_random: usize, empirical_pos: Option<Vec<f64>>, weights: (f64, f6...
    |         ^^^^^^^^^^^ help: if this is intentional, prefix it with an underscore: `_preseed_pos`

warning: unused variable: `num_random`
   --> src/gpu/backends/cpu_backend.rs:566:58
    |
566 | ...f64>, num_random: usize, empirical_pos: Option<Vec<f64>>, weights: (f64, f64, f64)) -> Result<Vec...
    |          ^^^^^^^^^^ help: if this is intentional, prefix it with an underscore: `_num_random`

warning: unused variable: `empirical_pos`
   --> src/gpu/backends/cpu_backend.rs:566:77
    |
566 | ...e, empirical_pos: Option<Vec<f64>>, weights: (f64, f64, f64)) -> Result<Vec<f64>> {
    |       ^^^^^^^^^^^^^ help: if this is intentional, prefix it with an underscore: `_empirical_pos`

warning: unused variable: `weights`
   --> src/gpu/backends/cpu_backend.rs:566:110
    |
566 | ...c<f64>>, weights: (f64, f64, f64)) -> Result<Vec<f64>> {
    |             ^^^^^^^ help: if this is intentional, prefix it with an underscore: `_weights`

warning: unused variable: `proxy_pos`
   --> src/gpu/backends/cpu_backend.rs:570:39
    |
570 |     fn analyze_preseed_cascade(&self, proxy_pos: &[f64], bins: usize) -> Result<(Vec<f64>, Vec<f64>)> {
    |                                       ^^^^^^^^^ help: if this is intentional, prefix it with an underscore: `_proxy_pos`

warning: unused variable: `bins`
   --> src/gpu/backends/cpu_backend.rs:570:58
    |
570 |     fn analyze_preseed_cascade(&self, proxy_pos: &[f64], bins: usize) -> Result<(Vec<f64>, Vec<f64>)> {
    |                                                          ^^^^ help: if this is intentional, prefix it with an underscore: `_bins`

warning: unused variable: `jumps`
   --> src/gpu/backends/hybrid_backend.rs:158:9
    |
158 |         jumps: &[BigInt256],
    |         ^^^^^ help: if this is intentional, prefix it with an underscore: `_jumps`

warning: unused variable: `config`
   --> src/gpu/backends/hybrid_backend.rs:159:9
    |
159 |         config: &Config,
    |         ^^^^^^ help: if this is intentional, prefix it with an underscore: `_config`

warning: unused variable: `vulkan_batch`
   --> src/gpu/backends/hybrid_backend.rs:162:14
    |
162 |         let (vulkan_batch, cuda_batch) = self.split_herd_for_hybrid(herd);
    |              ^^^^^^^^^^^^ help: if this is intentional, prefix it with an underscore: `_vulkan_batch`

warning: unused variable: `cuda_batch`
   --> src/gpu/backends/hybrid_backend.rs:162:28
    |
162 |         let (vulkan_batch, cuda_batch) = self.split_herd_for_hybrid(herd);
    |                            ^^^^^^^^^^ help: if this is intentional, prefix it with an underscore: `_cuda_batch`

warning: unused variable: `dps`
   --> src/gpu/backends/hybrid_backend.rs:677:27
    |
677 |     fn batch_solve(&self, dps: &Vec<DpEntry>, targets: &Vec<[[u32;8];3]>) -> Result<Vec<Option<[u32;...
    |                           ^^^ help: if this is intentional, prefix it with an underscore: `_dps`

warning: unused variable: `targets`
   --> src/gpu/backends/hybrid_backend.rs:677:47
    |
677 | ...pEntry>, targets: &Vec<[[u32;8];3]>) -> Result<Vec<Option<[u32;8]>>> {
    |             ^^^^^^^ help: if this is intentional, prefix it with an underscore: `_targets`

warning: unused variable: `fail`
   --> src/gpu/backends/hybrid_backend.rs:853:38
    |
853 |     fn simulate_cuda_fail(&mut self, fail: bool) {
    |                                      ^^^^ help: if this is intentional, prefix it with an underscore: `_fail`

warning: unused variable: `max_cluster_size`
   --> src/dp/pruning.rs:254:45
    |
254 |     pub async fn prune_cluster_based(&self, max_cluster_size: usize) -> Result<PruningStats> {
    |                                             ^^^^^^^^^^^^^^^^ help: if this is intentional, prefix it with an underscore: `_max_cluster_size`

warning: unused variable: `num_bins`
  --> src/utils/bias.rs:80:80
   |
80 | ...us: u64, num_bins: usize) -> Result<f64> {
   |             ^^^^^^^^ help: if this is intentional, prefix it with an underscore: `_num_bins`

warning: unused variable: `target_mod`
   --> src/utils/bias.rs:622:26
    |
622 | pub fn get_biased_primes(target_mod: u8, modulus: u64, min_primes: usize) -> Vec<u64> {
    |                          ^^^^^^^^^^ help: if this is intentional, prefix it with an underscore: `_target_mod`

warning: unused variable: `modulus`
   --> src/utils/bias.rs:622:42
    |
622 | pub fn get_biased_primes(target_mod: u8, modulus: u64, min_primes: usize) -> Vec<u64> {
    |                                          ^^^^^^^ help: if this is intentional, prefix it with an underscore: `_modulus`

warning: unused variable: `min_primes`
   --> src/utils/bias.rs:622:56
    |
622 | pub fn get_biased_primes(target_mod: u8, modulus: u64, min_primes: usize) -> Vec<u64> {
    |                                                        ^^^^^^^^^^ help: if this is intentional, prefix it with an underscore: `_min_primes`

Some errors have detailed explanations: E0061, E0277, E0308, E0507, E0508, E0599.
For more information about an error, try `rustc --explain E0061`.
warning: `speedbitcrack` (lib test) generated 74 warnings
warning: speedbitcrack@0.1.0: SECURITY: Key-derived biases no longer embedded in binary
warning: speedbitcrack@0.1.0: All valuable and Magic9 keys must be loaded from external files at runtime
warning: speedbitcrack@0.1.0: Starting CUDA kernel compilation with enhanced debugging...
warning: speedbitcrack@0.1.0: nvcc found at: /usr/local/cuda-13.0/bin/nvcc
warning: speedbitcrack@0.1.0: Using default GPU arch: sm_86
warning: speedbitcrack@0.1.0: Compiling 11 CUDA files together with shared constants header:
warning: speedbitcrack@0.1.0:   - src/gpu/cuda/bigint_mul.cu
warning: speedbitcrack@0.1.0:   - src/gpu/cuda/step.cu
warning: speedbitcrack@0.1.0:   - src/gpu/cuda/solve.cu
warning: speedbitcrack@0.1.0:   - src/gpu/cuda/rho_kernel_optimized.cu
warning: speedbitcrack@0.1.0:   - src/gpu/cuda/barrett_kernel_optimized.cu
warning: speedbitcrack@0.1.0:   - src/gpu/cuda/hybrid.cu
warning: speedbitcrack@0.1.0:   - src/gpu/cuda/bias_check_kernel.cu
warning: speedbitcrack@0.1.0:   - src/gpu/cuda/gold_cluster.cu
warning: speedbitcrack@0.1.0:   - src/gpu/cuda/mod27_kernel.cu
warning: speedbitcrack@0.1.0:   - src/gpu/cuda/mod81_kernel.cu
warning: speedbitcrack@0.1.0:   - src/gpu/cuda/glv_decomp.cu
warning: speedbitcrack@0.1.0: Starting CUDA compilation...
warning: speedbitcrack@0.1.0: ptxas info    : Overriding maximum register limit 256 for '_Z15test_bigint_addP9bigint256S0_S0_' with  64 of maxrregcount option
warning: speedbitcrack@0.1.0: ptxas info    : Overriding maximum register limit 256 for '_Z15test_bigint_mulP9bigint256S0_S0_' with  64 of maxrregcount option
warning: speedbitcrack@0.1.0: ptxas info    : Overriding maximum register limit 256 for '_Z17bigint_mul_kernelPvS_S_j' with  64 of maxrregcount option
warning: speedbitcrack@0.1.0: ptxas info    : Overriding maximum register limit 256 for '_Z22bigint_mul_kernel_simdPKmS0_Pmj' with  64 of maxrregcount option
warning: speedbitcrack@0.1.0: ptxas info    : 0 bytes gmem
warning: speedbitcrack@0.1.0: ptxas info    : Function properties for _Z13bigint256_sub9bigint256S_
warning: speedbitcrack@0.1.0:     120 bytes stack frame, 0 bytes spill stores, 0 bytes spill loads
warning: speedbitcrack@0.1.0: ptxas info    : Compile time = 2.616 ms
warning: speedbitcrack@0.1.0: ptxas info    : Function properties for _Z14bigint256_zerov
warning: speedbitcrack@0.1.0:     32 bytes stack frame, 0 bytes spill stores, 0 bytes spill loads
warning: speedbitcrack@0.1.0: ptxas info    : Compile time = 0.511 ms
warning: speedbitcrack@0.1.0: ptxas info    : Function properties for _Z13bigint256_onev
warning: speedbitcrack@0.1.0:     56 bytes stack frame, 24 bytes spill stores, 24 bytes spill loads
warning: speedbitcrack@0.1.0: ptxas info    : Compile time = 0.708 ms
warning: speedbitcrack@0.1.0: ptxas info    : Function properties for _Z13bigint256_twov
warning: speedbitcrack@0.1.0:     56 bytes stack frame, 24 bytes spill stores, 24 bytes spill loads
warning: speedbitcrack@0.1.0: ptxas info    : Compile time = 0.694 ms
warning: speedbitcrack@0.1.0: ptxas info    : Function properties for _Z15bigint256_threev
warning: speedbitcrack@0.1.0:     56 bytes stack frame, 24 bytes spill stores, 24 bytes spill loads
warning: speedbitcrack@0.1.0: ptxas info    : Compile time = 0.655 ms
warning: speedbitcrack@0.1.0: ptxas info    : Function properties for _Z14bigint256_fourv
warning: speedbitcrack@0.1.0:     56 bytes stack frame, 24 bytes spill stores, 24 bytes spill loads
warning: speedbitcrack@0.1.0: ptxas info    : Compile time = 0.705 ms
warning: speedbitcrack@0.1.0: ptxas info    : Function properties for _Z15bigint256_eightv
warning: speedbitcrack@0.1.0:     56 bytes stack frame, 24 bytes spill stores, 24 bytes spill loads
warning: speedbitcrack@0.1.0: ptxas info    : Compile time = 0.736 ms
warning: speedbitcrack@0.1.0: ptxas info    : Function properties for _Z17secp256k1_curve_av
warning: speedbitcrack@0.1.0:     88 bytes stack frame, 24 bytes spill stores, 24 bytes spill loads
warning: speedbitcrack@0.1.0: ptxas info    : Compile time = 0.796 ms
warning: speedbitcrack@0.1.0: ptxas info    : Function properties for _Z13bigint256_add9bigint256S_
warning: speedbitcrack@0.1.0:     120 bytes stack frame, 0 bytes spill stores, 0 bytes spill loads
warning: speedbitcrack@0.1.0: ptxas info    : Compile time = 1.449 ms
warning: speedbitcrack@0.1.0: ptxas info    : Function properties for _Z13bigint256_mul9bigint256S_
warning: speedbitcrack@0.1.0:     152 bytes stack frame, 28 bytes spill stores, 28 bytes spill loads
warning: speedbitcrack@0.1.0: ptxas info    : Compile time = 2.263 ms
warning: speedbitcrack@0.1.0: ptxas info    : Function properties for _Z13bigint256_shr9bigint256j
warning: speedbitcrack@0.1.0:     88 bytes stack frame, 24 bytes spill stores, 24 bytes spill loads
warning: speedbitcrack@0.1.0: ptxas info    : Compile time = 2.560 ms
warning: speedbitcrack@0.1.0: ptxas info    : Function properties for _Z13bigint256_cmp9bigint256S_
warning: speedbitcrack@0.1.0:     64 bytes stack frame, 0 bytes spill stores, 0 bytes spill loads
warning: speedbitcrack@0.1.0: ptxas info    : Compile time = 1.208 ms
warning: speedbitcrack@0.1.0: ptxas info    : Function properties for _Z12bigint256_ge9bigint256S_
warning: speedbitcrack@0.1.0:     104 bytes stack frame, 8 bytes spill stores, 8 bytes spill loads
warning: speedbitcrack@0.1.0: ptxas info    : Compile time = 0.936 ms
warning: speedbitcrack@0.1.0: ptxas info    : Function properties for _Z18montgomery_mul_optPKmS0_S0_mPm
warning: speedbitcrack@0.1.0:     168 bytes stack frame, 100 bytes spill stores, 100 bytes spill loads
warning: speedbitcrack@0.1.0: ptxas info    : Compile time = 8.772 ms
warning: speedbitcrack@0.1.0: ptxas info    : Function properties for _Z11mul256_simdPmPKmS1_
warning: speedbitcrack@0.1.0:     136 bytes stack frame, 104 bytes spill stores, 104 bytes spill loads
warning: speedbitcrack@0.1.0: ptxas info    : Compile time = 3.885 ms
warning: speedbitcrack@0.1.0: ptxas info    : Function properties for _Z15carry_prop_warpmj
warning: speedbitcrack@0.1.0:     32 bytes stack frame, 28 bytes spill stores, 28 bytes spill loads
warning: speedbitcrack@0.1.0: ptxas info    : Compile time = 0.560 ms
warning: speedbitcrack@0.1.0: ptxas info    : Compiling entry function '_Z15test_bigint_addP9bigint256S0_S0_' for 'sm_86'
warning: speedbitcrack@0.1.0: ptxas info    : Function properties for _Z15test_bigint_addP9bigint256S0_S0_
warning: speedbitcrack@0.1.0:     32 bytes stack frame, 0 bytes spill stores, 0 bytes spill loads
warning: speedbitcrack@0.1.0: ptxas info    : Used 26 registers, used 0 barriers, 376 bytes cmem[0]
warning: speedbitcrack@0.1.0: ptxas info    : Compile time = 0.703 ms
warning: speedbitcrack@0.1.0: ptxas info    : Compiling entry function '_Z15test_bigint_mulP9bigint256S0_S0_' for 'sm_86'
warning: speedbitcrack@0.1.0: ptxas info    : Function properties for _Z15test_bigint_mulP9bigint256S0_S0_
warning: speedbitcrack@0.1.0:     32 bytes stack frame, 0 bytes spill stores, 0 bytes spill loads
warning: speedbitcrack@0.1.0: ptxas info    : Used 26 registers, used 0 barriers, 376 bytes cmem[0]
warning: speedbitcrack@0.1.0: ptxas info    : Compile time = 0.704 ms
warning: speedbitcrack@0.1.0: ptxas info    : Compiling entry function '_Z17bigint_mul_kernelPvS_S_j' for 'sm_86'
warning: speedbitcrack@0.1.0: ptxas info    : Function properties for _Z17bigint_mul_kernelPvS_S_j
warning: speedbitcrack@0.1.0:     0 bytes stack frame, 0 bytes spill stores, 0 bytes spill loads
warning: speedbitcrack@0.1.0: ptxas info    : Used 30 registers, used 0 barriers, 380 bytes cmem[0]
warning: speedbitcrack@0.1.0: ptxas info    : Compile time = 2.034 ms
warning: speedbitcrack@0.1.0: ptxas info    : Compiling entry function '_Z22bigint_mul_kernel_simdPKmS0_Pmj' for 'sm_86'
warning: speedbitcrack@0.1.0: ptxas info    : Function properties for _Z22bigint_mul_kernel_simdPKmS0_Pmj
warning: speedbitcrack@0.1.0:     0 bytes stack frame, 0 bytes spill stores, 0 bytes spill loads
warning: speedbitcrack@0.1.0: ptxas info    : Used 30 registers, used 0 barriers, 380 bytes cmem[0]
warning: speedbitcrack@0.1.0: ptxas info    : Compile time = 1.299 ms
warning: speedbitcrack@0.1.0: ptxas info    : Function properties for _ZN44_INTERNAL_db7d3304_13_bigint_mul_cu_612ee18b10__any_syncEji
warning: speedbitcrack@0.1.0:     16 bytes stack frame, 16 bytes spill stores, 16 bytes spill loads
warning: speedbitcrack@0.1.0: ptxas info    : Compile time = 0.582 ms
warning: speedbitcrack@0.1.0: ptxas info    : Function properties for _ZN44_INTERNAL_db7d3304_13_bigint_mul_cu_612ee18b14__shfl_up_syncEjiji
warning: speedbitcrack@0.1.0:     32 bytes stack frame, 28 bytes spill stores, 28 bytes spill loads
warning: speedbitcrack@0.1.0: ptxas info    : Compile time = 0.478 ms
warning: speedbitcrack@0.1.0: ptxas info    : Function properties for _ZN44_INTERNAL_db7d3304_13_bigint_mul_cu_612ee18b14__shfl_up_syncEjxji
warning: speedbitcrack@0.1.0:     32 bytes stack frame, 32 bytes spill stores, 32 bytes spill loads
warning: speedbitcrack@0.1.0: ptxas info    : Compile time = 0.524 ms
warning: speedbitcrack@0.1.0: ptxas info    : Function properties for _ZN44_INTERNAL_db7d3304_13_bigint_mul_cu_612ee18b14__shfl_up_syncEjyji
warning: speedbitcrack@0.1.0:     32 bytes stack frame, 28 bytes spill stores, 28 bytes spill loads
warning: speedbitcrack@0.1.0: ptxas info    : Compile time = 0.406 ms
warning: speedbitcrack@0.1.0: ptxas info    : Function properties for _ZN44_INTERNAL_db7d3304_13_bigint_mul_cu_612ee18b14__shfl_up_syncEjmji
warning: speedbitcrack@0.1.0:     32 bytes stack frame, 28 bytes spill stores, 28 bytes spill loads
warning: speedbitcrack@0.1.0: ptxas info    : Compile time = 0.398 ms
warning: speedbitcrack@0.1.0: ptxas info    : Overriding maximum register limit 256 for '_Z17kangaroo_step_optP5PointPmPjS0_P4Trapjjjjiim' with  64 of maxrregcount option
warning: speedbitcrack@0.1.0: ptxas info    : Overriding maximum register limit 256 for '_Z11step_kernelP13KangarooStateiPK5PointPj' with  64 of maxrregcount option
warning: speedbitcrack@0.1.0: ptxas info    : 0 bytes gmem, 25344 bytes cmem[3]
warning: speedbitcrack@0.1.0: ptxas info    : Function properties for _Z18endomorphism_applyPK5PointPS_
warning: speedbitcrack@0.1.0:     96 bytes stack frame, 60 bytes spill stores, 60 bytes spill loads
warning: speedbitcrack@0.1.0: ptxas info    : Compile time = 1.995 ms
warning: speedbitcrack@0.1.0: ptxas info    : Function properties for _Z11point_equal5PointS_
warning: speedbitcrack@0.1.0:     288 bytes stack frame, 96 bytes spill stores, 96 bytes spill loads
warning: speedbitcrack@0.1.0: ptxas info    : Compile time = 3.114 ms
warning: speedbitcrack@0.1.0: ptxas info    : Function properties for _Z7mul_modPKjS0_PjS0_
warning: speedbitcrack@0.1.0:     144 bytes stack frame, 80 bytes spill stores, 80 bytes spill loads
warning: speedbitcrack@0.1.0: ptxas info    : Compile time = 3.291 ms
warning: speedbitcrack@0.1.0: ptxas info    : Function properties for _Z15jacobian_double5Point
warning: speedbitcrack@0.1.0:     728 bytes stack frame, 88 bytes spill stores, 88 bytes spill loads
warning: speedbitcrack@0.1.0: ptxas info    : Compile time = 7.426 ms
warning: speedbitcrack@0.1.0: ptxas info    : Function properties for _Z12jacobian_add5PointS_
warning: speedbitcrack@0.1.0:     592 bytes stack frame, 108 bytes spill stores, 108 bytes spill loads
warning: speedbitcrack@0.1.0: ptxas info    : Compile time = 3.525 ms
warning: speedbitcrack@0.1.0: ptxas info    : Function properties for _Z12ec_mul_small5Pointm
warning: speedbitcrack@0.1.0:     608 bytes stack frame, 124 bytes spill stores, 124 bytes spill loads
warning: speedbitcrack@0.1.0: ptxas info    : Compile time = 8.016 ms
warning: speedbitcrack@0.1.0: ptxas info    : Function properties for _Z14bigint_mul_parPKjS0_Pj
warning: speedbitcrack@0.1.0:     0 bytes stack frame, 0 bytes spill stores, 0 bytes spill loads
warning: speedbitcrack@0.1.0: ptxas info    : Compile time = 1.608 ms
warning: speedbitcrack@0.1.0: ptxas info    : Function properties for _Z14bigint_add_parPKjS0_Pj
warning: speedbitcrack@0.1.0:     0 bytes stack frame, 0 bytes spill stores, 0 bytes spill loads
warning: speedbitcrack@0.1.0: ptxas info    : Compile time = 1.233 ms
warning: speedbitcrack@0.1.0: ptxas info    : Function properties for _Z14bigint_sub_parPKjS0_Pj
warning: speedbitcrack@0.1.0:     0 bytes stack frame, 0 bytes spill stores, 0 bytes spill loads
warning: speedbitcrack@0.1.0: ptxas info    : Compile time = 0.805 ms
warning: speedbitcrack@0.1.0: ptxas info    : Function properties for _Z10bigint_subPKjS0_Pj
warning: speedbitcrack@0.1.0:     0 bytes stack frame, 0 bytes spill stores, 0 bytes spill loads
warning: speedbitcrack@0.1.0: ptxas info    : Compile time = 0.795 ms
warning: speedbitcrack@0.1.0: ptxas info    : Function properties for _Z9point_negPK5PointPS_PKj
warning: speedbitcrack@0.1.0:     40 bytes stack frame, 36 bytes spill stores, 36 bytes spill loads
warning: speedbitcrack@0.1.0: ptxas info    : Compile time = 1.159 ms
warning: speedbitcrack@0.1.0: ptxas info    : Function properties for _Z17bigint_div_approxPKjS0_Pj
warning: speedbitcrack@0.1.0:     144 bytes stack frame, 72 bytes spill stores, 72 bytes spill loads
warning: speedbitcrack@0.1.0: ptxas info    : Compile time = 5.479 ms
warning: speedbitcrack@0.1.0: ptxas info    : Function properties for _Z20gram_schmidt_4d_cudaPA8_KjPA8_j
warning: speedbitcrack@0.1.0:     304 bytes stack frame, 80 bytes spill stores, 80 bytes spill loads
warning: speedbitcrack@0.1.0: ptxas info    : Compile time = 3.012 ms
warning: speedbitcrack@0.1.0: ptxas info    : Function properties for _Z20glv4_decompose_babaiPKjPA8_jPa
warning: speedbitcrack@0.1.0:     1256 bytes stack frame, 124 bytes spill stores, 124 bytes spill loads
warning: speedbitcrack@0.1.0: ptxas info    : Compile time = 11.737 ms
warning: speedbitcrack@0.1.0: ptxas info    : Function properties for _Z16multi_babai_glv4PKjPjS0_S0_S0_i
warning: speedbitcrack@0.1.0:     2304 bytes stack frame, 124 bytes spill stores, 124 bytes spill loads
warning: speedbitcrack@0.1.0: ptxas info    : Compile time = 8.228 ms
warning: speedbitcrack@0.1.0: ptxas info    : Function properties for _Z20glv_decompose_scalarPKjPjS1_PaS2_
warning: speedbitcrack@0.1.0:     1112 bytes stack frame, 112 bytes spill stores, 112 bytes spill loads
warning: speedbitcrack@0.1.0: ptxas info    : Compile time = 10.628 ms
warning: speedbitcrack@0.1.0: ptxas info    : Function properties for _Z11mul_glv_opt5PointPKj
warning: speedbitcrack@0.1.0:     856 bytes stack frame, 116 bytes spill stores, 116 bytes spill loads
warning: speedbitcrack@0.1.0: ptxas info    : Compile time = 9.593 ms
warning: speedbitcrack@0.1.0: ptxas info    : Function properties for _Z18mul_glv4_opt_babai5PointPKj
warning: speedbitcrack@0.1.0:     1216 bytes stack frame, 124 bytes spill stores, 124 bytes spill loads
warning: speedbitcrack@0.1.0: ptxas info    : Compile time = 10.602 ms
warning: speedbitcrack@0.1.0: ptxas info    : Function properties for _Z16cond_neg_ct_cuda5Pointa
warning: speedbitcrack@0.1.0:     232 bytes stack frame, 36 bytes spill stores, 36 bytes spill loads
warning: speedbitcrack@0.1.0: ptxas info    : Compile time = 4.081 ms
warning: speedbitcrack@0.1.0: ptxas info    : Function properties for _Z11ct_naf_cudaPKjPhi
warning: speedbitcrack@0.1.0:     32 bytes stack frame, 0 bytes spill stores, 0 bytes spill loads
warning: speedbitcrack@0.1.0: ptxas info    : Compile time = 3.712 ms
warning: speedbitcrack@0.1.0: ptxas info    : Function properties for _Z17mul_short_ct_cuda5PointPj
warning: speedbitcrack@0.1.0:     1176 bytes stack frame, 148 bytes spill stores, 148 bytes spill loads
warning: speedbitcrack@0.1.0: ptxas info    : Compile time = 26.304 ms
warning: speedbitcrack@0.1.0: ptxas info    : Function properties for _Z22multi_round_babai_glv4PKjPjS0_S0_S0_i
warning: speedbitcrack@0.1.0:     3344 bytes stack frame, 140 bytes spill stores, 140 bytes spill loads
warning: speedbitcrack@0.1.0: ptxas info    : Compile time = 12.423 ms
warning: speedbitcrack@0.1.0: ptxas info    : Compiling entry function '_Z17kangaroo_step_optP5PointPmPjS0_P4Trapjjjjiim' for 'sm_86'
warning: speedbitcrack@0.1.0: ptxas info    : Function properties for _Z17kangaroo_step_optP5PointPmPjS0_P4Trapjjjjiim
warning: speedbitcrack@0.1.0:     728 bytes stack frame, 92 bytes spill stores, 120 bytes spill loads
warning: speedbitcrack@0.1.0: ptxas info    : Used 64 registers, used 1 barriers, 3072 bytes smem, 424 bytes cmem[0]
warning: speedbitcrack@0.1.0: ptxas info    : Compile time = 24.512 ms
warning: speedbitcrack@0.1.0: ptxas info    : Compiling entry function '_Z11step_kernelP13KangarooStateiPK5PointPj' for 'sm_86'
warning: speedbitcrack@0.1.0: ptxas info    : Function properties for _Z11step_kernelP13KangarooStateiPK5PointPj
warning: speedbitcrack@0.1.0:     384 bytes stack frame, 0 bytes spill stores, 0 bytes spill loads
warning: speedbitcrack@0.1.0: ptxas info    : Used 62 registers, used 0 barriers, 384 bytes cmem[0]
warning: speedbitcrack@0.1.0: ptxas info    : Compile time = 9.404 ms
warning: speedbitcrack@0.1.0: ptxas info    : Function properties for __clz
warning: speedbitcrack@0.1.0:     0 bytes stack frame, 0 bytes spill stores, 0 bytes spill loads
warning: speedbitcrack@0.1.0: ptxas info    : Compile time = 0.210 ms
warning: speedbitcrack@0.1.0: ptxas info    : Function properties for __popc
warning: speedbitcrack@0.1.0:     0 bytes stack frame, 0 bytes spill stores, 0 bytes spill loads
warning: speedbitcrack@0.1.0: ptxas info    : Compile time = 0.207 ms
warning: speedbitcrack@0.1.0: ptxas info    : Function properties for umin
warning: speedbitcrack@0.1.0:     0 bytes stack frame, 0 bytes spill stores, 0 bytes spill loads
warning: speedbitcrack@0.1.0: ptxas info    : Compile time = 0.207 ms
warning: speedbitcrack@0.1.0: ptxas info    : Function properties for ullmin
warning: speedbitcrack@0.1.0:     0 bytes stack frame, 0 bytes spill stores, 0 bytes spill loads
warning: speedbitcrack@0.1.0: ptxas info    : Compile time = 0.244 ms
warning: speedbitcrack@0.1.0: ptxas info    : Function properties for __reduce_add_sync_unsigned_impl
warning: speedbitcrack@0.1.0:     8 bytes stack frame, 8 bytes spill stores, 8 bytes spill loads
warning: speedbitcrack@0.1.0: ptxas info    : Compile time = 0.417 ms
warning: speedbitcrack@0.1.0: ptxas info    : Function properties for __reduce_min_sync_unsigned_impl
warning: speedbitcrack@0.1.0:     8 bytes stack frame, 8 bytes spill stores, 8 bytes spill loads
warning: speedbitcrack@0.1.0: ptxas info    : Compile time = 0.341 ms
warning: speedbitcrack@0.1.0: ptxas info    : Function properties for _ZN30_INTERNAL_2525be6c_7_step_cu_P3minEmm
warning: speedbitcrack@0.1.0:     16 bytes stack frame, 16 bytes spill stores, 16 bytes spill loads
warning: speedbitcrack@0.1.0: ptxas info    : Compile time = 0.592 ms
warning: speedbitcrack@0.1.0: ptxas info    : Function properties for _ZN30_INTERNAL_2525be6c_7_step_cu_P17__reduce_add_syncEjj
warning: speedbitcrack@0.1.0:     16 bytes stack frame, 16 bytes spill stores, 16 bytes spill loads
warning: speedbitcrack@0.1.0: ptxas info    : Compile time = 0.462 ms
warning: speedbitcrack@0.1.0: ptxas info    : Function properties for _ZN30_INTERNAL_2525be6c_7_step_cu_P17__reduce_min_syncEjj
warning: speedbitcrack@0.1.0:     16 bytes stack frame, 16 bytes spill stores, 16 bytes spill loads
warning: speedbitcrack@0.1.0: ptxas info    : Compile time = 0.407 ms
warning: speedbitcrack@0.1.0: ptxas info    : Function properties for _ZN30_INTERNAL_2525be6c_7_step_cu_P7murmur3EPKj
warning: speedbitcrack@0.1.0:     0 bytes stack frame, 0 bytes spill stores, 0 bytes spill loads
warning: speedbitcrack@0.1.0: ptxas info    : Compile time = 0.769 ms
warning: speedbitcrack@0.1.0: ptxas info    : Function properties for _ZN30_INTERNAL_2525be6c_7_step_cu_P14hamming_weightEj
warning: speedbitcrack@0.1.0:     0 bytes stack frame, 0 bytes spill stores, 0 bytes spill loads
warning: speedbitcrack@0.1.0: ptxas info    : Compile time = 0.362 ms
warning: speedbitcrack@0.1.0: ptxas info    : Function properties for _ZN30_INTERNAL_2525be6c_7_step_cu_P14bigint_sub_u32EPKjS1_Pj
warning: speedbitcrack@0.1.0:     0 bytes stack frame, 0 bytes spill stores, 0 bytes spill loads
warning: speedbitcrack@0.1.0: ptxas info    : Compile time = 1.133 ms
warning: speedbitcrack@0.1.0: ptxas info    : Function properties for _ZN30_INTERNAL_2525be6c_7_step_cu_P14bigint_cmp_parEPKjS1_
warning: speedbitcrack@0.1.0:     0 bytes stack frame, 0 bytes spill stores, 0 bytes spill loads
warning: speedbitcrack@0.1.0: ptxas info    : Compile time = 1.050 ms
warning: speedbitcrack@0.1.0: ptxas info    : Function properties for _ZN30_INTERNAL_2525be6c_7_step_cu_P7add_modEPKjS1_PjS1_
warning: speedbitcrack@0.1.0:     0 bytes stack frame, 0 bytes spill stores, 0 bytes spill loads
warning: speedbitcrack@0.1.0: ptxas info    : Compile time = 1.922 ms
warning: speedbitcrack@0.1.0: ptxas info    : Function properties for _ZN30_INTERNAL_2525be6c_7_step_cu_P7sub_modEPKjS1_PjS1_
warning: speedbitcrack@0.1.0:     0 bytes stack frame, 0 bytes spill stores, 0 bytes spill loads
warning: speedbitcrack@0.1.0: ptxas info    : Compile time = 1.731 ms
warning: speedbitcrack@0.1.0: ptxas info    : Function properties for _ZN30_INTERNAL_2525be6c_7_step_cu_P12set_infinityEP5Point
warning: speedbitcrack@0.1.0:     0 bytes stack frame, 0 bytes spill stores, 0 bytes spill loads
warning: speedbitcrack@0.1.0: ptxas info    : Compile time = 0.770 ms
warning: speedbitcrack@0.1.0: ptxas info    : Function properties for _ZN30_INTERNAL_2525be6c_7_step_cu_P11is_infinityE5Point
warning: speedbitcrack@0.1.0:     96 bytes stack frame, 0 bytes spill stores, 0 bytes spill loads
warning: speedbitcrack@0.1.0: ptxas info    : Compile time = 1.408 ms
warning: speedbitcrack@0.1.0: ptxas info    : Function properties for _ZN30_INTERNAL_2525be6c_7_step_cu_P10is_near_dpE5Point
warning: speedbitcrack@0.1.0:     120 bytes stack frame, 20 bytes spill stores, 20 bytes spill loads
warning: speedbitcrack@0.1.0: ptxas info    : Compile time = 1.483 ms
warning: speedbitcrack@0.1.0: ptxas info    : Function properties for _ZN30_INTERNAL_2525be6c_7_step_cu_P6ec_addE5PointS0_
warning: speedbitcrack@0.1.0:     1304 bytes stack frame, 116 bytes spill stores, 116 bytes spill loads
warning: speedbitcrack@0.1.0: ptxas info    : Compile time = 13.163 ms
warning: speedbitcrack@0.1.0: ptxas info    : Function properties for _ZN30_INTERNAL_2525be6c_7_step_cu_P14bigint_add_u32EPKjjPj
warning: speedbitcrack@0.1.0:     0 bytes stack frame, 0 bytes spill stores, 0 bytes spill loads
warning: speedbitcrack@0.1.0: ptxas info    : Compile time = 0.993 ms
warning: speedbitcrack@0.1.0: ptxas info    : Function properties for _ZN30_INTERNAL_2525be6c_7_step_cu_P18select_bucket_cudaE5PointPKjmj
warning: speedbitcrack@0.1.0:     128 bytes stack frame, 32 bytes spill stores, 32 bytes spill loads
warning: speedbitcrack@0.1.0: ptxas info    : Compile time = 2.046 ms
warning: speedbitcrack@0.1.0: ptxas info    : Function properties for _ZN30_INTERNAL_2525be6c_7_step_cu_P11skew_magic9Em
warning: speedbitcrack@0.1.0:     56 bytes stack frame, 32 bytes spill stores, 32 bytes spill loads
warning: speedbitcrack@0.1.0: ptxas info    : Compile time = 1.936 ms
warning: speedbitcrack@0.1.0: ptxas info    : Function properties for _ZN30_INTERNAL_2525be6c_7_step_cu_P16mod_small_primesEm
warning: speedbitcrack@0.1.0:     56 bytes stack frame, 52 bytes spill stores, 52 bytes spill loads
warning: speedbitcrack@0.1.0: ptxas info    : Compile time = 1.333 ms
warning: speedbitcrack@0.1.0: ptxas info    : Function properties for _ZN30_INTERNAL_2525be6c_7_step_cu_P17is_gold_attractorEmm
warning: speedbitcrack@0.1.0:     32 bytes stack frame, 28 bytes spill stores, 28 bytes spill loads
warning: speedbitcrack@0.1.0: ptxas info    : Compile time = 0.692 ms
warning: speedbitcrack@0.1.0: ptxas info    : Function properties for _ZN30_INTERNAL_2525be6c_7_step_cu_P19gold_nudge_distanceEmm
warning: speedbitcrack@0.1.0:     296 bytes stack frame, 72 bytes spill stores, 72 bytes spill loads
warning: speedbitcrack@0.1.0: ptxas info    : Compile time = 2.740 ms
warning: speedbitcrack@0.1.0: ptxas info    : Overriding maximum register limit 256 for '_Z16build_baby_stepsP5PointiPKS_PKj' with  64 of maxrregcount option
warning: speedbitcrack@0.1.0: ptxas info    : Overriding maximum register limit 256 for '_Z17bsgs_solve_kernelPK5PointS1_S1_PjiiPKj' with  64 of maxrregcount option
warning: speedbitcrack@0.1.0: ptxas info    : Overriding maximum register limit 256 for '_Z21batch_collision_solvePjS_S_S_S_S_S_i' with  64 of maxrregcount option
warning: speedbitcrack@0.1.0: ptxas info    : Overriding maximum register limit 256 for '_Z26batch_bsgs_collision_solvePK5PointPKjS3_PjimS3_i' with  64 of maxrregcount option
warning: speedbitcrack@0.1.0: ptxas info    : Overriding maximum register limit 256 for '_Z20batch_barrett_reducePjS_S_S_bjii' with  64 of maxrregcount option
warning: speedbitcrack@0.1.0: ptxas info    : Overriding maximum register limit 256 for '_Z27batch_collision_solve_fusedPjS_S_S_S_S_jS_i' with  64 of maxrregcount option
warning: speedbitcrack@0.1.0: ptxas info    : Overriding maximum register limit 256 for '_Z16check_collisionsPjS_S_iS_' with  64 of maxrregcount option
warning: speedbitcrack@0.1.0: ptxas info    : Overriding maximum register limit 256 for '_Z16solve_collisionsP7DpEntryS0_P5PointiiPi' with  64 of maxrregcount option
warning: speedbitcrack@0.1.0: ptxas info    : Overriding maximum register limit 256 for '_Z16batch_scalar_mulP5PointPjiPKj' with  64 of maxrregcount option
warning: speedbitcrack@0.1.0: ptxas info    : 0 bytes gmem, 164 bytes cmem[3]
warning: speedbitcrack@0.1.0: ptxas info    : Compiling entry function '_Z16build_baby_stepsP5PointiPKS_PKj' for 'sm_86'
warning: speedbitcrack@0.1.0: ptxas info    : Function properties for _Z16build_baby_stepsP5PointiPKS_PKj
warning: speedbitcrack@0.1.0:     200 bytes stack frame, 0 bytes spill stores, 0 bytes spill loads
warning: speedbitcrack@0.1.0: ptxas info    : Used 36 registers, used 0 barriers, 384 bytes cmem[0]
warning: speedbitcrack@0.1.0: ptxas info    : Compile time = 2.461 ms
warning: speedbitcrack@0.1.0: ptxas info    : Compiling entry function '_Z17bsgs_solve_kernelPK5PointS1_S1_PjiiPKj' for 'sm_86'
warning: speedbitcrack@0.1.0: ptxas info    : Function properties for _Z17bsgs_solve_kernelPK5PointS1_S1_PjiiPKj
warning: speedbitcrack@0.1.0:     304 bytes stack frame, 4 bytes spill stores, 8 bytes spill loads
warning: speedbitcrack@0.1.0: ptxas info    : Used 64 registers, used 0 barriers, 400 bytes cmem[0]
warning: speedbitcrack@0.1.0: ptxas info    : Compile time = 4.700 ms
warning: speedbitcrack@0.1.0: ptxas info    : Compiling entry function '_Z21batch_collision_solvePjS_S_S_S_S_S_i' for 'sm_86'
warning: speedbitcrack@0.1.0: ptxas info    : Function properties for _Z21batch_collision_solvePjS_S_S_S_S_S_i
warning: speedbitcrack@0.1.0:     0 bytes stack frame, 0 bytes spill stores, 0 bytes spill loads
warning: speedbitcrack@0.1.0: ptxas info    : Used 50 registers, used 0 barriers, 192 bytes smem, 412 bytes cmem[0]
warning: speedbitcrack@0.1.0: ptxas info    : Compile time = 2.777 ms
warning: speedbitcrack@0.1.0: ptxas info    : Compiling entry function '_Z26batch_bsgs_collision_solvePK5PointPKjS3_PjimS3_i' for 'sm_86'
warning: speedbitcrack@0.1.0: ptxas info    : Function properties for _Z26batch_bsgs_collision_solvePK5PointPKjS3_PjimS3_i
warning: speedbitcrack@0.1.0:     656 bytes stack frame, 28 bytes spill stores, 32 bytes spill loads
warning: speedbitcrack@0.1.0: ptxas info    : Used 64 registers, used 1 barriers, 32768 bytes smem, 412 bytes cmem[0]
warning: speedbitcrack@0.1.0: ptxas info    : Compile time = 15.489 ms
warning: speedbitcrack@0.1.0: ptxas info    : Compiling entry function '_Z20batch_barrett_reducePjS_S_S_bjii' for 'sm_86'
warning: speedbitcrack@0.1.0: ptxas info    : Function properties for _Z20batch_barrett_reducePjS_S_S_bjii
warning: speedbitcrack@0.1.0:     104 bytes stack frame, 0 bytes spill stores, 0 bytes spill loads
warning: speedbitcrack@0.1.0: ptxas info    : Used 32 registers, used 1 barriers, 192 bytes smem, 400 bytes cmem[0]
warning: speedbitcrack@0.1.0: ptxas info    : Compile time = 3.708 ms
warning: speedbitcrack@0.1.0: ptxas info    : Compiling entry function '_Z27batch_collision_solve_fusedPjS_S_S_S_S_jS_i' for 'sm_86'
warning: speedbitcrack@0.1.0: ptxas info    : Function properties for _Z27batch_collision_solve_fusedPjS_S_S_S_S_jS_i
warning: speedbitcrack@0.1.0:     0 bytes stack frame, 0 bytes spill stores, 0 bytes spill loads
warning: speedbitcrack@0.1.0: ptxas info    : Used 48 registers, used 0 barriers, 192 bytes smem, 420 bytes cmem[0]
warning: speedbitcrack@0.1.0: ptxas info    : Compile time = 2.206 ms
warning: speedbitcrack@0.1.0: ptxas info    : Compiling entry function '_Z16check_collisionsPjS_S_iS_' for 'sm_86'
warning: speedbitcrack@0.1.0: ptxas info    : Function properties for _Z16check_collisionsPjS_S_iS_
warning: speedbitcrack@0.1.0:     0 bytes stack frame, 0 bytes spill stores, 0 bytes spill loads
warning: speedbitcrack@0.1.0: ptxas info    : Used 24 registers, used 0 barriers, 392 bytes cmem[0]
warning: speedbitcrack@0.1.0: ptxas info    : Compile time = 0.823 ms
warning: speedbitcrack@0.1.0: ptxas info    : Compiling entry function '_Z16solve_collisionsP7DpEntryS0_P5PointiiPi' for 'sm_86'
warning: speedbitcrack@0.1.0: ptxas info    : Function properties for _Z16solve_collisionsP7DpEntryS0_P5PointiiPi
warning: speedbitcrack@0.1.0:     960 bytes stack frame, 0 bytes spill stores, 0 bytes spill loads
warning: speedbitcrack@0.1.0: ptxas info    : Used 64 registers, used 0 barriers, 392 bytes cmem[0]
warning: speedbitcrack@0.1.0: ptxas info    : Compile time = 7.551 ms
warning: speedbitcrack@0.1.0: ptxas info    : Compiling entry function '_Z16batch_scalar_mulP5PointPjiPKj' for 'sm_86'
warning: speedbitcrack@0.1.0: ptxas info    : Function properties for _Z16batch_scalar_mulP5PointPjiPKj
warning: speedbitcrack@0.1.0:     320 bytes stack frame, 0 bytes spill stores, 0 bytes spill loads
warning: speedbitcrack@0.1.0: ptxas info    : Used 43 registers, used 0 barriers, 384 bytes cmem[0]
warning: speedbitcrack@0.1.0: ptxas info    : Compile time = 3.429 ms
warning: speedbitcrack@0.1.0: ptxas info    : Function properties for sqrt
warning: speedbitcrack@0.1.0:     16 bytes stack frame, 12 bytes spill stores, 12 bytes spill loads
warning: speedbitcrack@0.1.0: ptxas info    : Compile time = 0.608 ms
warning: speedbitcrack@0.1.0: ptxas info    : Function properties for __uAtomicAdd
warning: speedbitcrack@0.1.0:     0 bytes stack frame, 0 bytes spill stores, 0 bytes spill loads
warning: speedbitcrack@0.1.0: ptxas info    : Compile time = 0.240 ms
warning: speedbitcrack@0.1.0: ptxas info    : Function properties for __iAtomicExch
warning: speedbitcrack@0.1.0:     0 bytes stack frame, 0 bytes spill stores, 0 bytes spill loads
warning: speedbitcrack@0.1.0: ptxas info    : Compile time = 0.233 ms
warning: speedbitcrack@0.1.0: ptxas info    : Function properties for _ZN36_INTERNAL_53157ad7_8_solve_cu_SECP_N9atomicAddEPjj
warning: speedbitcrack@0.1.0:     24 bytes stack frame, 20 bytes spill stores, 20 bytes spill loads
warning: speedbitcrack@0.1.0: ptxas info    : Compile time = 0.389 ms
warning: speedbitcrack@0.1.0: ptxas info    : Function properties for _ZN36_INTERNAL_53157ad7_8_solve_cu_SECP_N10atomicExchEPii
warning: speedbitcrack@0.1.0:     24 bytes stack frame, 20 bytes spill stores, 20 bytes spill loads
warning: speedbitcrack@0.1.0: ptxas info    : Compile time = 0.342 ms
warning: speedbitcrack@0.1.0: ptxas info    : Function properties for _ZN36_INTERNAL_53157ad7_8_solve_cu_SECP_N11__shfl_syncEjiii
warning: speedbitcrack@0.1.0:     32 bytes stack frame, 28 bytes spill stores, 28 bytes spill loads
warning: speedbitcrack@0.1.0: ptxas info    : Compile time = 0.506 ms
warning: speedbitcrack@0.1.0: ptxas info    : Function properties for _ZN36_INTERNAL_53157ad7_8_solve_cu_SECP_N11__shfl_syncEjjii
warning: speedbitcrack@0.1.0:     24 bytes stack frame, 24 bytes spill stores, 24 bytes spill loads
warning: speedbitcrack@0.1.0: ptxas info    : Compile time = 0.363 ms
warning: speedbitcrack@0.1.0: ptxas info    : Function properties for _ZN36_INTERNAL_53157ad7_8_solve_cu_SECP_N12limb_compareEPKjS1_i
warning: speedbitcrack@0.1.0:     0 bytes stack frame, 0 bytes spill stores, 0 bytes spill loads
warning: speedbitcrack@0.1.0: ptxas info    : Compile time = 0.979 ms
warning: speedbitcrack@0.1.0: ptxas info    : Function properties for _ZN36_INTERNAL_53157ad7_8_solve_cu_SECP_N8limb_addEPKjS1_Pji
warning: speedbitcrack@0.1.0:     0 bytes stack frame, 0 bytes spill stores, 0 bytes spill loads
warning: speedbitcrack@0.1.0: ptxas info    : Compile time = 0.850 ms
warning: speedbitcrack@0.1.0: ptxas info    : Function properties for _ZN36_INTERNAL_53157ad7_8_solve_cu_SECP_N8limb_subEPKjS1_Pji
warning: speedbitcrack@0.1.0:     0 bytes stack frame, 0 bytes spill stores, 0 bytes spill loads
warning: speedbitcrack@0.1.0: ptxas info    : Compile time = 0.899 ms
warning: speedbitcrack@0.1.0: ptxas info    : Function properties for _ZN36_INTERNAL_53157ad7_8_solve_cu_SECP_N10bigint_cmpEPKjS1_
warning: speedbitcrack@0.1.0:     0 bytes stack frame, 0 bytes spill stores, 0 bytes spill loads
warning: speedbitcrack@0.1.0: ptxas info    : Compile time = 0.807 ms
warning: speedbitcrack@0.1.0: ptxas info    : Function properties for _ZN36_INTERNAL_53157ad7_8_solve_cu_SECP_N14bigint_cmp_parEPKjS1_
warning: speedbitcrack@0.1.0:     0 bytes stack frame, 0 bytes spill stores, 0 bytes spill loads
warning: speedbitcrack@0.1.0: ptxas info    : Compile time = 0.850 ms
warning: speedbitcrack@0.1.0: ptxas info    : Function properties for _ZN36_INTERNAL_53157ad7_8_solve_cu_SECP_N10bigint_addEPKjS1_Pj
warning: speedbitcrack@0.1.0:     0 bytes stack frame, 0 bytes spill stores, 0 bytes spill loads
warning: speedbitcrack@0.1.0: ptxas info    : Compile time = 0.858 ms
warning: speedbitcrack@0.1.0: ptxas info    : Function properties for _ZN36_INTERNAL_53157ad7_8_solve_cu_SECP_N10bigint_mulEPKjS1_Pj
warning: speedbitcrack@0.1.0:     0 bytes stack frame, 0 bytes spill stores, 0 bytes spill loads
warning: speedbitcrack@0.1.0: ptxas info    : Compile time = 1.532 ms
warning: speedbitcrack@0.1.0: ptxas info    : Function properties for _ZN36_INTERNAL_53157ad7_8_solve_cu_SECP_N19barrett_reduce_fullEPKjS1_S1_Pj
warning: speedbitcrack@0.1.0:     200 bytes stack frame, 72 bytes spill stores, 72 bytes spill loads
warning: speedbitcrack@0.1.0: ptxas info    : Compile time = 2.295 ms
warning: speedbitcrack@0.1.0: ptxas info    : Function properties for _ZN36_INTERNAL_53157ad7_8_solve_cu_SECP_N10bigint_divEPKjS1_Pj
warning: speedbitcrack@0.1.0:     144 bytes stack frame, 80 bytes spill stores, 80 bytes spill loads
warning: speedbitcrack@0.1.0: ptxas info    : Compile time = 3.146 ms
warning: speedbitcrack@0.1.0: ptxas info    : Function properties for _ZN36_INTERNAL_53157ad7_8_solve_cu_SECP_N10bigint_modEPKjS1_Pj
warning: speedbitcrack@0.1.0:     104 bytes stack frame, 40 bytes spill stores, 40 bytes spill loads
warning: speedbitcrack@0.1.0: ptxas info    : Compile time = 1.074 ms
warning: speedbitcrack@0.1.0: ptxas info    : Function properties for _ZN36_INTERNAL_53157ad7_8_solve_cu_SECP_N11mod_inverseEPKjS1_Pj
warning: speedbitcrack@0.1.0:     352 bytes stack frame, 92 bytes spill stores, 92 bytes spill loads
warning: speedbitcrack@0.1.0: ptxas info    : Compile time = 4.461 ms
warning: speedbitcrack@0.1.0: ptxas info    : Function properties for _ZN36_INTERNAL_53157ad7_8_solve_cu_SECP_N20cuda_safe_diff_mod_nEPKjS1_S1_Pj
warning: speedbitcrack@0.1.0:     128 bytes stack frame, 64 bytes spill stores, 64 bytes spill loads
warning: speedbitcrack@0.1.0: ptxas info    : Compile time = 1.034 ms
warning: speedbitcrack@0.1.0: ptxas info    : Function properties for _ZN36_INTERNAL_53157ad7_8_solve_cu_SECP_N9point_subEPK5PointS2_PS0_PKj
warning: speedbitcrack@0.1.0:     528 bytes stack frame, 132 bytes spill stores, 132 bytes spill loads
warning: speedbitcrack@0.1.0: ptxas info    : Compile time = 3.212 ms
warning: speedbitcrack@0.1.0: ptxas info    : Function properties for _ZN36_INTERNAL_53157ad7_8_solve_cu_SECP_N15point_mul_smallEPK5PointjPKj
warning: speedbitcrack@0.1.0:     608 bytes stack frame, 128 bytes spill stores, 128 bytes spill loads
warning: speedbitcrack@0.1.0: ptxas info    : Compile time = 9.851 ms
warning: speedbitcrack@0.1.0: ptxas info    : Function properties for _ZN36_INTERNAL_53157ad7_8_solve_cu_SECP_N15mod_inverse_u64Emm
warning: speedbitcrack@0.1.0:     80 bytes stack frame, 80 bytes spill stores, 80 bytes spill loads
warning: speedbitcrack@0.1.0: ptxas info    : Compile time = 1.617 ms
warning: speedbitcrack@0.1.0: ptxas info    : Function properties for _ZN36_INTERNAL_53157ad7_8_solve_cu_SECP_N23factor_small_primes_u64Em
warning: speedbitcrack@0.1.0:     56 bytes stack frame, 52 bytes spill stores, 52 bytes spill loads
warning: speedbitcrack@0.1.0: ptxas info    : Compile time = 1.148 ms
warning: speedbitcrack@0.1.0: ptxas info    : Function properties for _ZN36_INTERNAL_53157ad7_8_solve_cu_SECP_N19montgomery_redc_parEPKjS1_jPj
warning: speedbitcrack@0.1.0:     136 bytes stack frame, 68 bytes spill stores, 68 bytes spill loads
warning: speedbitcrack@0.1.0: ptxas info    : Compile time = 3.386 ms
warning: speedbitcrack@0.1.0: ptxas info    : Function properties for _ZN36_INTERNAL_53157ad7_8_solve_cu_SECP_N19bigint_wide_mul_parEPKjS1_Pj
warning: speedbitcrack@0.1.0:     56 bytes stack frame, 56 bytes spill stores, 56 bytes spill loads
warning: speedbitcrack@0.1.0: ptxas info    : Compile time = 2.243 ms
warning: speedbitcrack@0.1.0: ptxas info    : Overriding maximum register limit 256 for '_Z14rho_kernel_soaPjS_S_S_S_Pfjjj' with  64 of maxrregcount option
warning: speedbitcrack@0.1.0: ptxas info    : Overriding maximum register limit 256 for '_Z14rho_kernel_aosPjS_Pfjjj' with  64 of maxrregcount option
warning: speedbitcrack@0.1.0: ptxas info    : Overriding maximum register limit 256 for '_Z32collect_distinguished_points_soaPjS_S_S_S_S_jj' with  64 of maxrregcount option
warning: speedbitcrack@0.1.0: ptxas info    : 0 bytes gmem, 68 bytes cmem[3]
warning: speedbitcrack@0.1.0: ptxas info    : Compiling entry function '_Z14rho_kernel_soaPjS_S_S_S_Pfjjj' for 'sm_86'
warning: speedbitcrack@0.1.0: ptxas info    : Function properties for _Z14rho_kernel_soaPjS_S_S_S_Pfjjj
warning: speedbitcrack@0.1.0:     80 bytes stack frame, 0 bytes spill stores, 0 bytes spill loads
warning: speedbitcrack@0.1.0: ptxas info    : Used 50 registers, used 0 barriers, 412 bytes cmem[0]
warning: speedbitcrack@0.1.0: ptxas info    : Compile time = 4.824 ms
warning: speedbitcrack@0.1.0: ptxas info    : Compiling entry function '_Z14rho_kernel_aosPjS_Pfjjj' for 'sm_86'
warning: speedbitcrack@0.1.0: ptxas info    : Function properties for _Z14rho_kernel_aosPjS_Pfjjj
warning: speedbitcrack@0.1.0:     0 bytes stack frame, 0 bytes spill stores, 0 bytes spill loads
warning: speedbitcrack@0.1.0: ptxas info    : Used 32 registers, used 0 barriers, 388 bytes cmem[0]
warning: speedbitcrack@0.1.0: ptxas info    : Compile time = 1.990 ms
warning: speedbitcrack@0.1.0: ptxas info    : Compiling entry function '_Z32collect_distinguished_points_soaPjS_S_S_S_S_jj' for 'sm_86'
warning: speedbitcrack@0.1.0: ptxas info    : Function properties for _Z32collect_distinguished_points_soaPjS_S_S_S_S_jj
warning: speedbitcrack@0.1.0:     0 bytes stack frame, 0 bytes spill stores, 0 bytes spill loads
warning: speedbitcrack@0.1.0: ptxas info    : Used 32 registers, used 0 barriers, 408 bytes cmem[0]
warning: speedbitcrack@0.1.0: ptxas info    : Compile time = 1.015 ms
warning: speedbitcrack@0.1.0: ptxas info    : Function properties for __ffs
warning: speedbitcrack@0.1.0:     0 bytes stack frame, 0 bytes spill stores, 0 bytes spill loads
warning: speedbitcrack@0.1.0: ptxas info    : Compile time = 0.213 ms
warning: speedbitcrack@0.1.0: ptxas info    : Function properties for __uAtomicAdd
warning: speedbitcrack@0.1.0:     0 bytes stack frame, 0 bytes spill stores, 0 bytes spill loads
warning: speedbitcrack@0.1.0: ptxas info    : Compile time = 0.236 ms
warning: speedbitcrack@0.1.0: ptxas info    : Function properties for _ZN48_INTERNAL_daef3d82_23_rho_kernel_optimized_cu_MU9atomicAddEPjj
warning: speedbitcrack@0.1.0:     24 bytes stack frame, 20 bytes spill stores, 20 bytes spill loads
warning: speedbitcrack@0.1.0: ptxas info    : Compile time = 0.423 ms
warning: speedbitcrack@0.1.0: ptxas info    : Overriding maximum register limit 256 for '_Z25barrett_mod_kernel_sharedPKjPjj' with  64 of maxrregcount option
warning: speedbitcrack@0.1.0: ptxas info    : Overriding maximum register limit 256 for '_Z21barrett_modpow_kernelPKjS0_Pjj' with  64 of maxrregcount option
warning: speedbitcrack@0.1.0: ptxas info    : Overriding maximum register limit 256 for '_Z24fast_bias_residue_kernelPKjPjjj' with  64 of maxrregcount option
warning: speedbitcrack@0.1.0: ptxas info    : Overriding maximum register limit 256 for '_Z30batch_barrett_reduce_bigint256PA8_jiPjS1_' with  64 of maxrregcount option
warning: speedbitcrack@0.1.0: ptxas info    : 0 bytes gmem, 68 bytes cmem[3]
warning: speedbitcrack@0.1.0: ptxas info    : Compiling entry function '_Z25barrett_mod_kernel_sharedPKjPjj' for 'sm_86'
warning: speedbitcrack@0.1.0: ptxas info    : Function properties for _Z25barrett_mod_kernel_sharedPKjPjj
warning: speedbitcrack@0.1.0:     64 bytes stack frame, 0 bytes spill stores, 0 bytes spill loads
warning: speedbitcrack@0.1.0: ptxas info    : Used 28 registers, used 1 barriers, 68 bytes smem, 372 bytes cmem[0]
warning: speedbitcrack@0.1.0: ptxas info    : Compile time = 3.049 ms
warning: speedbitcrack@0.1.0: ptxas info    : Compiling entry function '_Z21barrett_modpow_kernelPKjS0_Pjj' for 'sm_86'
warning: speedbitcrack@0.1.0: ptxas info    : Function properties for _Z21barrett_modpow_kernelPKjS0_Pjj
warning: speedbitcrack@0.1.0:     128 bytes stack frame, 0 bytes spill stores, 0 bytes spill loads
warning: speedbitcrack@0.1.0: ptxas info    : Used 40 registers, used 1 barriers, 68 bytes smem, 380 bytes cmem[0]
warning: speedbitcrack@0.1.0: ptxas info    : Compile time = 3.992 ms
warning: speedbitcrack@0.1.0: ptxas info    : Compiling entry function '_Z24fast_bias_residue_kernelPKjPjjj' for 'sm_86'
warning: speedbitcrack@0.1.0: ptxas info    : Function properties for _Z24fast_bias_residue_kernelPKjPjjj
warning: speedbitcrack@0.1.0:     0 bytes stack frame, 0 bytes spill stores, 0 bytes spill loads
warning: speedbitcrack@0.1.0: ptxas info    : Used 19 registers, used 1 barriers, 68 bytes smem, 376 bytes cmem[0]
warning: speedbitcrack@0.1.0: ptxas info    : Compile time = 1.142 ms
warning: speedbitcrack@0.1.0: ptxas info    : Compiling entry function '_Z30batch_barrett_reduce_bigint256PA8_jiPjS1_' for 'sm_86'
warning: speedbitcrack@0.1.0: ptxas info    : Function properties for _Z30batch_barrett_reduce_bigint256PA8_jiPjS1_
warning: speedbitcrack@0.1.0:     0 bytes stack frame, 0 bytes spill stores, 0 bytes spill loads
warning: speedbitcrack@0.1.0: ptxas info    : Used 24 registers, used 0 barriers, 384 bytes cmem[0]
warning: speedbitcrack@0.1.0: ptxas info    : Compile time = 0.556 ms
warning: speedbitcrack@0.1.0: ptxas info    : Function properties for memcpy
warning: speedbitcrack@0.1.0:     0 bytes stack frame, 0 bytes spill stores, 0 bytes spill loads
warning: speedbitcrack@0.1.0: ptxas info    : Compile time = 0.617 ms
warning: speedbitcrack@0.1.0: ptxas info    : Function properties for _ZN58_INTERNAL_450f1467_27_barrett_kernel_optimized_cu_21e2378c12limb_compareEPKjS1_i
warning: speedbitcrack@0.1.0:     0 bytes stack frame, 0 bytes spill stores, 0 bytes spill loads
warning: speedbitcrack@0.1.0: ptxas info    : Compile time = 0.828 ms
warning: speedbitcrack@0.1.0: ptxas info    : Function properties for _ZN58_INTERNAL_450f1467_27_barrett_kernel_optimized_cu_21e2378c8limb_subEPKjS1_Pji
warning: speedbitcrack@0.1.0:     0 bytes stack frame, 0 bytes spill stores, 0 bytes spill loads
warning: speedbitcrack@0.1.0: ptxas info    : Compile time = 0.837 ms
warning: speedbitcrack@0.1.0: ptxas info    : Function properties for _ZN58_INTERNAL_450f1467_27_barrett_kernel_optimized_cu_21e2378c21barrett_reduce_deviceEPKjS1_S1_Pj
warning: speedbitcrack@0.1.0:     48 bytes stack frame, 44 bytes spill stores, 44 bytes spill loads
warning: speedbitcrack@0.1.0: ptxas info    : Compile time = 0.880 ms
warning: speedbitcrack@0.1.0: ptxas info    : Function properties for _ZN58_INTERNAL_450f1467_27_barrett_kernel_optimized_cu_21e2378c14barrett_reduceEPKjS1_S1_Pj
warning: speedbitcrack@0.1.0:     48 bytes stack frame, 44 bytes spill stores, 44 bytes spill loads
warning: speedbitcrack@0.1.0: ptxas info    : Compile time = 0.682 ms
warning: speedbitcrack@0.1.0: ptxas info    : Overriding maximum register limit 256 for '_Z20batch_mod_mul_hybridPjS_S_S_i' with  64 of maxrregcount option
warning: speedbitcrack@0.1.0: ptxas info    : Overriding maximum register limit 256 for '_Z20batch_mod_sqr_hybridPjS_S_i' with  64 of maxrregcount option
warning: speedbitcrack@0.1.0: ptxas info    : Overriding maximum register limit 256 for '_Z23fused_mul_reduce_kernelPjS_S_S_S_i' with  64 of maxrregcount option
warning: speedbitcrack@0.1.0: ptxas info    : 0 bytes gmem, 108 bytes cmem[3]
warning: speedbitcrack@0.1.0: ptxas info    : Compiling entry function '_Z20batch_mod_mul_hybridPjS_S_S_i' for 'sm_86'
warning: speedbitcrack@0.1.0: ptxas info    : Function properties for _Z20batch_mod_mul_hybridPjS_S_S_i
warning: speedbitcrack@0.1.0:     0 bytes stack frame, 0 bytes spill stores, 0 bytes spill loads
warning: speedbitcrack@0.1.0: ptxas info    : Used 24 registers, used 0 barriers, 388 bytes cmem[0]
warning: speedbitcrack@0.1.0: ptxas info    : Compile time = 0.826 ms
warning: speedbitcrack@0.1.0: ptxas info    : Compiling entry function '_Z20batch_mod_sqr_hybridPjS_S_i' for 'sm_86'
warning: speedbitcrack@0.1.0: ptxas info    : Function properties for _Z20batch_mod_sqr_hybridPjS_S_i
warning: speedbitcrack@0.1.0:     0 bytes stack frame, 0 bytes spill stores, 0 bytes spill loads
warning: speedbitcrack@0.1.0: ptxas info    : Used 24 registers, used 0 barriers, 380 bytes cmem[0]
warning: speedbitcrack@0.1.0: ptxas info    : Compile time = 0.630 ms
warning: speedbitcrack@0.1.0: ptxas info    : Compiling entry function '_Z23fused_mul_reduce_kernelPjS_S_S_S_i' for 'sm_86'
warning: speedbitcrack@0.1.0: ptxas info    : Function properties for _Z23fused_mul_reduce_kernelPjS_S_S_S_i
warning: speedbitcrack@0.1.0:     424 bytes stack frame, 0 bytes spill stores, 0 bytes spill loads
warning: speedbitcrack@0.1.0: ptxas info    : Used 45 registers, used 1 barriers, 16384 bytes smem, 396 bytes cmem[0]
warning: speedbitcrack@0.1.0: ptxas info    : Compile time = 12.319 ms
warning: speedbitcrack@0.1.0: ptxas info    : Function properties for __uAtomicAdd
warning: speedbitcrack@0.1.0:     0 bytes stack frame, 0 bytes spill stores, 0 bytes spill loads
warning: speedbitcrack@0.1.0: ptxas info    : Compile time = 0.292 ms
warning: speedbitcrack@0.1.0: ptxas info    : Function properties for _ZN39_INTERNAL_e0e51b64_9_hybrid_cu_dc1172219atomicAddEPjj
warning: speedbitcrack@0.1.0:     24 bytes stack frame, 20 bytes spill stores, 20 bytes spill loads
warning: speedbitcrack@0.1.0: ptxas info    : Compile time = 0.364 ms
warning: speedbitcrack@0.1.0: ptxas info    : Function properties for _ZN39_INTERNAL_e0e51b64_9_hybrid_cu_dc11722111__shfl_syncEjiii
warning: speedbitcrack@0.1.0:     32 bytes stack frame, 28 bytes spill stores, 28 bytes spill loads
warning: speedbitcrack@0.1.0: ptxas info    : Compile time = 0.526 ms
warning: speedbitcrack@0.1.0: ptxas info    : Function properties for _ZN39_INTERNAL_e0e51b64_9_hybrid_cu_dc11722111__shfl_syncEjjii
warning: speedbitcrack@0.1.0:     24 bytes stack frame, 24 bytes spill stores, 24 bytes spill loads
warning: speedbitcrack@0.1.0: ptxas info    : Compile time = 0.361 ms
warning: speedbitcrack@0.1.0: ptxas info    : Function properties for _ZN39_INTERNAL_e0e51b64_9_hybrid_cu_dc11722114bigint_cmp_parEPKjS1_
warning: speedbitcrack@0.1.0:     40 bytes stack frame, 40 bytes spill stores, 40 bytes spill loads
warning: speedbitcrack@0.1.0: ptxas info    : Compile time = 1.730 ms
warning: speedbitcrack@0.1.0: ptxas info    : Function properties for _ZN39_INTERNAL_e0e51b64_9_hybrid_cu_dc11722114bigint_sub_parEPKjS1_Pj
warning: speedbitcrack@0.1.0:     64 bytes stack frame, 64 bytes spill stores, 64 bytes spill loads
warning: speedbitcrack@0.1.0: ptxas info    : Compile time = 1.513 ms
warning: speedbitcrack@0.1.0: ptxas info    : Function properties for _ZN39_INTERNAL_e0e51b64_9_hybrid_cu_dc11722114bigint_mul_parEPKjS1_Pj
warning: speedbitcrack@0.1.0:     64 bytes stack frame, 60 bytes spill stores, 60 bytes spill loads
warning: speedbitcrack@0.1.0: ptxas info    : Compile time = 2.088 ms
warning: speedbitcrack@0.1.0: ptxas info    : Function properties for _ZN39_INTERNAL_e0e51b64_9_hybrid_cu_dc11722119bigint_wide_mul_parEPKjS1_Pj
warning: speedbitcrack@0.1.0:     56 bytes stack frame, 56 bytes spill stores, 56 bytes spill loads
warning: speedbitcrack@0.1.0: ptxas info    : Compile time = 1.977 ms
warning: speedbitcrack@0.1.0: ptxas info    : Function properties for _ZN39_INTERNAL_e0e51b64_9_hybrid_cu_dc11722119montgomery_redc_parEPKjS1_jPj
warning: speedbitcrack@0.1.0:     128 bytes stack frame, 60 bytes spill stores, 60 bytes spill loads
warning: speedbitcrack@0.1.0: ptxas info    : Compile time = 3.568 ms
warning: speedbitcrack@0.1.0: ptxas info    : Function properties for _ZN39_INTERNAL_e0e51b64_9_hybrid_cu_dc11722118barrett_reduce_parEPKjS1_S1_Pj
warning: speedbitcrack@0.1.0:     232 bytes stack frame, 68 bytes spill stores, 68 bytes spill loads
warning: speedbitcrack@0.1.0: ptxas info    : Compile time = 3.286 ms
warning: speedbitcrack@0.1.0: ptxas info    : Function properties for _ZN39_INTERNAL_e0e51b64_9_hybrid_cu_dc11722114mod_mul_hybridEPKjS1_S1_Pj
warning: speedbitcrack@0.1.0:     304 bytes stack frame, 72 bytes spill stores, 72 bytes spill loads
warning: speedbitcrack@0.1.0: ptxas info    : Compile time = 2.931 ms
warning: speedbitcrack@0.1.0: ptxas info    : Overriding maximum register limit 256 for '_Z26multi_bias_attractor_checkPmPhiiS_' with  64 of maxrregcount option
warning: speedbitcrack@0.1.0: ptxas info    : Overriding maximum register limit 256 for '_Z27common_bias_attractor_checkPmPhi' with  64 of maxrregcount option
warning: speedbitcrack@0.1.0: ptxas info    : Overriding maximum register limit 256 for '_Z24bias_check_kernel_paddedPjPhjPf' with  64 of maxrregcount option
warning: speedbitcrack@0.1.0: ptxas info    : 0 bytes gmem
warning: speedbitcrack@0.1.0: ptxas info    : Compiling entry function '_Z26multi_bias_attractor_checkPmPhiiS_' for 'sm_86'
warning: speedbitcrack@0.1.0: ptxas info    : Function properties for _Z26multi_bias_attractor_checkPmPhiiS_
warning: speedbitcrack@0.1.0:     0 bytes stack frame, 0 bytes spill stores, 0 bytes spill loads
warning: speedbitcrack@0.1.0: ptxas info    : Used 50 registers, used 0 barriers, 384 bytes cmem[0]
warning: speedbitcrack@0.1.0: ptxas info    : Compile time = 3.470 ms
warning: speedbitcrack@0.1.0: ptxas info    : Compiling entry function '_Z27common_bias_attractor_checkPmPhi' for 'sm_86'
warning: speedbitcrack@0.1.0: ptxas info    : Function properties for _Z27common_bias_attractor_checkPmPhi
warning: speedbitcrack@0.1.0:     0 bytes stack frame, 0 bytes spill stores, 0 bytes spill loads
warning: speedbitcrack@0.1.0: ptxas info    : Used 58 registers, used 0 barriers, 372 bytes cmem[0]
warning: speedbitcrack@0.1.0: ptxas info    : Compile time = 6.653 ms
warning: speedbitcrack@0.1.0: ptxas info    : Compiling entry function '_Z24bias_check_kernel_paddedPjPhjPf' for 'sm_86'
warning: speedbitcrack@0.1.0: ptxas info    : Function properties for _Z24bias_check_kernel_paddedPjPhjPf
warning: speedbitcrack@0.1.0:     0 bytes stack frame, 0 bytes spill stores, 0 bytes spill loads
warning: speedbitcrack@0.1.0: ptxas info    : Used 23 registers, used 1 barriers, 448 bytes smem, 384 bytes cmem[0]
warning: speedbitcrack@0.1.0: ptxas info    : Compile time = 2.111 ms
warning: speedbitcrack@0.1.0: ptxas info    : Overriding maximum register limit 256 for '_Z27generate_gold_cluster_jumpsPmihhhh' with  64 of maxrregcount option
warning: speedbitcrack@0.1.0: ptxas info    : Overriding maximum register limit 256 for '_Z23gold_cluster_batch_stepPmS_S_S_S_ihhhh' with  64 of maxrregcount option
warning: speedbitcrack@0.1.0: ptxas info    : 0 bytes gmem
warning: speedbitcrack@0.1.0: ptxas info    : Function properties for _Z25preload_gold_cluster_biashhhh
warning: speedbitcrack@0.1.0:     0 bytes stack frame, 0 bytes spill stores, 0 bytes spill loads
warning: speedbitcrack@0.1.0: ptxas info    : Compile time = 1.671 ms
warning: speedbitcrack@0.1.0: ptxas info    : Function properties for _Z22apply_gold_bias_sharedPm
warning: speedbitcrack@0.1.0:     40 bytes stack frame, 36 bytes spill stores, 36 bytes spill loads
warning: speedbitcrack@0.1.0: ptxas info    : Compile time = 1.659 ms
warning: speedbitcrack@0.1.0: ptxas info    : Function properties for _Z11gold_ec_opsPmPKm
warning: speedbitcrack@0.1.0:     0 bytes stack frame, 0 bytes spill stores, 0 bytes spill loads
warning: speedbitcrack@0.1.0: ptxas info    : Compile time = 0.721 ms
warning: speedbitcrack@0.1.0: ptxas info    : Compiling entry function '_Z27generate_gold_cluster_jumpsPmihhhh' for 'sm_86'
warning: speedbitcrack@0.1.0: ptxas info    : Function properties for _Z27generate_gold_cluster_jumpsPmihhhh
warning: speedbitcrack@0.1.0:     32 bytes stack frame, 0 bytes spill stores, 0 bytes spill loads
warning: speedbitcrack@0.1.0: ptxas info    : Used 34 registers, used 0 barriers, 368 bytes cmem[0]
warning: speedbitcrack@0.1.0: ptxas info    : Compile time = 2.063 ms
warning: speedbitcrack@0.1.0: ptxas info    : Compiling entry function '_Z23gold_cluster_batch_stepPmS_S_S_S_ihhhh' for 'sm_86'
warning: speedbitcrack@0.1.0: ptxas info    : Function properties for _Z23gold_cluster_batch_stepPmS_S_S_S_ihhhh
warning: speedbitcrack@0.1.0:     0 bytes stack frame, 0 bytes spill stores, 0 bytes spill loads
warning: speedbitcrack@0.1.0: ptxas info    : Used 40 registers, used 0 barriers, 400 bytes cmem[0]
warning: speedbitcrack@0.1.0: ptxas info    : Compile time = 1.895 ms
warning: speedbitcrack@0.1.0: ptxas info    : Overriding maximum register limit 256 for '_Z21mod27_attractor_checkPmPbi' with  64 of maxrregcount option
warning: speedbitcrack@0.1.0: ptxas info    : 0 bytes gmem
warning: speedbitcrack@0.1.0: ptxas info    : Compiling entry function '_Z21mod27_attractor_checkPmPbi' for 'sm_86'
warning: speedbitcrack@0.1.0: ptxas info    : Function properties for _Z21mod27_attractor_checkPmPbi
warning: speedbitcrack@0.1.0:     0 bytes stack frame, 0 bytes spill stores, 0 bytes spill loads
warning: speedbitcrack@0.1.0: ptxas info    : Used 40 registers, used 0 barriers, 372 bytes cmem[0]
warning: speedbitcrack@0.1.0: ptxas info    : Compile time = 3.210 ms
warning: speedbitcrack@0.1.0: ptxas info    : Overriding maximum register limit 256 for '_Z16mod81_bias_checkPKmPbiPji' with  64 of maxrregcount option
warning: speedbitcrack@0.1.0: ptxas info    : 0 bytes gmem
warning: speedbitcrack@0.1.0: ptxas info    : Function properties for _Z13mod81_barrettPKm
warning: speedbitcrack@0.1.0:     64 bytes stack frame, 64 bytes spill stores, 64 bytes spill loads
warning: speedbitcrack@0.1.0: ptxas info    : Compile time = 2.441 ms
warning: speedbitcrack@0.1.0: ptxas info    : Compiling entry function '_Z16mod81_bias_checkPKmPbiPji' for 'sm_86'
warning: speedbitcrack@0.1.0: ptxas info    : Function properties for _Z16mod81_bias_checkPKmPbiPji
warning: speedbitcrack@0.1.0:     0 bytes stack frame, 0 bytes spill stores, 0 bytes spill loads
warning: speedbitcrack@0.1.0: ptxas info    : Used 28 registers, used 0 barriers, 388 bytes cmem[0]
warning: speedbitcrack@0.1.0: ptxas info    : Compile time = 1.259 ms
warning: speedbitcrack@0.1.0: ptxas info    : Overriding maximum register limit 256 for '_Z27glv4_batch_decompose_kernelPK8scalar_tP12glv_result_ti' with  64 of maxrregcount option
warning: speedbitcrack@0.1.0: ptxas info    : 96 bytes gmem
warning: speedbitcrack@0.1.0: ptxas info    : Function properties for _Z13bigint256_add11bigint256_tS_
warning: speedbitcrack@0.1.0:     96 bytes stack frame, 0 bytes spill stores, 0 bytes spill loads
warning: speedbitcrack@0.1.0: ptxas info    : Compile time = 2.188 ms
warning: speedbitcrack@0.1.0: ptxas info    : Function properties for _Z13bigint256_sub11bigint256_tS_
warning: speedbitcrack@0.1.0:     96 bytes stack frame, 0 bytes spill stores, 0 bytes spill loads
warning: speedbitcrack@0.1.0: ptxas info    : Compile time = 1.634 ms
warning: speedbitcrack@0.1.0: ptxas info    : Function properties for _Z20bigint256_mul_scalar11bigint256_tm
warning: speedbitcrack@0.1.0:     88 bytes stack frame, 0 bytes spill stores, 0 bytes spill loads
warning: speedbitcrack@0.1.0: ptxas info    : Compile time = 1.548 ms
warning: speedbitcrack@0.1.0: ptxas info    : Function properties for _Z19bigint256_to_scalar11bigint256_t
warning: speedbitcrack@0.1.0:     64 bytes stack frame, 0 bytes spill stores, 0 bytes spill loads
warning: speedbitcrack@0.1.0: ptxas info    : Compile time = 2.832 ms
warning: speedbitcrack@0.1.0: ptxas info    : Compiling entry function '_Z27glv4_batch_decompose_kernelPK8scalar_tP12glv_result_ti' for 'sm_86'
warning: speedbitcrack@0.1.0: ptxas info    : Function properties for _Z27glv4_batch_decompose_kernelPK8scalar_tP12glv_result_ti
warning: speedbitcrack@0.1.0:     296 bytes stack frame, 0 bytes spill stores, 0 bytes spill loads
warning: speedbitcrack@0.1.0: ptxas info    : Used 50 registers, used 0 barriers, 372 bytes cmem[0]
warning: speedbitcrack@0.1.0: ptxas info    : Compile time = 15.389 ms
warning: speedbitcrack@0.1.0: CUDA compilation completed successfully in 10.19s
error: could not compile `speedbitcrack` (lib test) due to 34 previous errors; 74 warnings emitted
